#! /usr/bin/vvp
:ivl_version "10.3 (stable)";
:ivl_delay_selection "TYPICAL";
:vpi_time_precision + 0;
:vpi_module "system";
:vpi_module "vhdl_sys";
:vpi_module "v2005_math";
:vpi_module "va_math";
S_0x55ba8881aaf0 .scope module, "tb" "tb" 2 7;
 .timescale 0 0;
v0x55ba888726c0_0 .net "c_add", 127 0, v0x55ba888711a0_0;  1 drivers
v0x55ba888727e0_0 .net "car", 1919 0, L_0x55ba8887c840;  1 drivers
v0x55ba888728a0_0 .net "carry", 64 0, v0x55ba888721b0_0;  1 drivers
v0x55ba888729c0_0 .var "cin", 0 0;
v0x55ba88872a60_0 .var "e", 31 0;
v0x55ba88872b50_0 .var "f", 31 0;
v0x55ba88872c20_0 .net "p", 2047 0, v0x55ba88871b60_0;  1 drivers
v0x55ba88872d20_0 .net "s", 63 0, v0x55ba88870b50_0;  1 drivers
v0x55ba88872df0_0 .net "sum", 1919 0, L_0x55ba8887c200;  1 drivers
L_0x55ba88872ec0 .part v0x55ba88871b60_0, 1984, 64;
L_0x55ba88872f90 .part v0x55ba88871b60_0, 1920, 64;
L_0x55ba88873030 .part v0x55ba88871b60_0, 1856, 64;
L_0x55ba88873190 .part v0x55ba88871b60_0, 1792, 64;
L_0x55ba88873290 .part v0x55ba88871b60_0, 1728, 64;
L_0x55ba88873360 .part v0x55ba88871b60_0, 1664, 64;
L_0x55ba88873470 .part v0x55ba88871b60_0, 1600, 64;
L_0x55ba88873510 .part v0x55ba88871b60_0, 1536, 64;
L_0x55ba88873630 .part v0x55ba88871b60_0, 1472, 64;
L_0x55ba88873700 .part v0x55ba88871b60_0, 1408, 64;
L_0x55ba88873830 .part v0x55ba88871b60_0, 1344, 64;
L_0x55ba88873900 .part v0x55ba88871b60_0, 1280, 64;
L_0x55ba88873a40 .part v0x55ba88871b60_0, 1216, 64;
L_0x55ba88873b10 .part v0x55ba88871b60_0, 1152, 64;
L_0x55ba88873c60 .part v0x55ba88871b60_0, 1088, 64;
L_0x55ba88873f40 .part v0x55ba88871b60_0, 1024, 64;
L_0x55ba888740a0 .part v0x55ba88871b60_0, 960, 64;
L_0x55ba88874170 .part v0x55ba88871b60_0, 896, 64;
L_0x55ba888742e0 .part v0x55ba88871b60_0, 832, 64;
L_0x55ba888743b0 .part v0x55ba88871b60_0, 768, 64;
L_0x55ba88874240 .part v0x55ba88871b60_0, 704, 64;
L_0x55ba88874560 .part v0x55ba88871b60_0, 640, 64;
L_0x55ba888746f0 .part v0x55ba88871b60_0, 576, 64;
L_0x55ba888747c0 .part v0x55ba88871b60_0, 512, 64;
L_0x55ba88874960 .part v0x55ba88871b60_0, 448, 64;
L_0x55ba88874a30 .part v0x55ba88871b60_0, 384, 64;
L_0x55ba88874be0 .part v0x55ba88871b60_0, 320, 64;
L_0x55ba88874cb0 .part v0x55ba88871b60_0, 256, 64;
L_0x55ba88874e70 .part v0x55ba88871b60_0, 192, 64;
L_0x55ba88874f40 .part v0x55ba88871b60_0, 128, 64;
L_0x55ba88875110 .part L_0x55ba8887c200, 1856, 64;
L_0x55ba88875210 .part L_0x55ba8887c840, 1856, 64;
L_0x55ba88875420 .part L_0x55ba8887c200, 1792, 64;
L_0x55ba888754f0 .part L_0x55ba8887c840, 1792, 64;
L_0x55ba888756b0 .part L_0x55ba8887c840, 1728, 64;
L_0x55ba88875750 .part L_0x55ba8887c200, 1728, 64;
L_0x55ba88875590 .part L_0x55ba8887c200, 1664, 64;
L_0x55ba88875950 .part L_0x55ba8887c840, 1664, 64;
L_0x55ba88875b30 .part L_0x55ba8887c200, 1600, 64;
L_0x55ba88875c00 .part L_0x55ba8887c200, 1536, 64;
L_0x55ba88875e20 .part L_0x55ba8887c840, 1600, 64;
L_0x55ba88875ef0 .part L_0x55ba8887c840, 1536, 64;
L_0x55ba88876120 .part L_0x55ba8887c200, 1472, 64;
L_0x55ba888761f0 .part L_0x55ba8887c840, 1472, 64;
L_0x55ba88876430 .part L_0x55ba8887c200, 1408, 64;
L_0x55ba88876500 .part L_0x55ba8887c200, 1344, 64;
L_0x55ba88876750 .part L_0x55ba8887c840, 1408, 64;
L_0x55ba88876820 .part L_0x55ba8887c840, 1344, 64;
L_0x55ba88876a80 .part L_0x55ba8887c200, 1280, 64;
L_0x55ba88876b50 .part L_0x55ba8887c840, 1280, 64;
L_0x55ba88876dc0 .part v0x55ba88871b60_0, 64, 64;
L_0x55ba888772a0 .part L_0x55ba8887c200, 1216, 64;
L_0x55ba88877520 .part L_0x55ba8887c840, 1216, 64;
L_0x55ba888775f0 .part L_0x55ba8887c200, 1152, 64;
L_0x55ba88877880 .part L_0x55ba8887c200, 1088, 64;
L_0x55ba88877950 .part L_0x55ba8887c840, 1152, 64;
L_0x55ba88877bf0 .part L_0x55ba8887c840, 1088, 64;
L_0x55ba88877cc0 .part L_0x55ba8887c200, 1024, 64;
L_0x55ba88877f70 .part L_0x55ba8887c840, 1024, 64;
L_0x55ba88878040 .part L_0x55ba8887c200, 960, 64;
L_0x55ba88878300 .part L_0x55ba8887c200, 896, 64;
L_0x55ba888783d0 .part L_0x55ba8887c840, 960, 64;
L_0x55ba888786a0 .part L_0x55ba8887c840, 896, 64;
L_0x55ba88878980 .part L_0x55ba8887c200, 832, 64;
L_0x55ba88878c60 .part L_0x55ba8887c840, 832, 64;
L_0x55ba88878d30 .part v0x55ba88871b60_0, 0, 64;
L_0x55ba88879020 .part L_0x55ba8887c200, 768, 64;
L_0x55ba888790f0 .part L_0x55ba8887c840, 768, 64;
L_0x55ba888793f0 .part L_0x55ba8887c200, 704, 64;
L_0x55ba888794c0 .part L_0x55ba8887c200, 640, 64;
L_0x55ba888797d0 .part L_0x55ba8887c840, 640, 64;
L_0x55ba888798a0 .part L_0x55ba8887c840, 704, 64;
L_0x55ba88879bc0 .part L_0x55ba8887c200, 576, 64;
L_0x55ba88879c90 .part L_0x55ba8887c840, 576, 64;
L_0x55ba88879fc0 .part L_0x55ba8887c200, 512, 64;
L_0x55ba8887a090 .part L_0x55ba8887c200, 384, 64;
L_0x55ba8887a3d0 .part L_0x55ba8887c840, 448, 64;
L_0x55ba8887a4a0 .part L_0x55ba8887c200, 448, 64;
L_0x55ba8887a7f0 .part L_0x55ba8887c200, 320, 64;
L_0x55ba8887a8c0 .part L_0x55ba8887c840, 384, 64;
L_0x55ba8887ac20 .part L_0x55ba8887c840, 320, 64;
L_0x55ba8887acf0 .part L_0x55ba8887c200, 256, 64;
L_0x55ba8887b060 .part L_0x55ba8887c840, 256, 64;
L_0x55ba8887b130 .part L_0x55ba8887c200, 192, 64;
L_0x55ba8887b4b0 .part L_0x55ba8887c840, 192, 64;
L_0x55ba8887b580 .part L_0x55ba8887c840, 128, 64;
L_0x55ba8887b910 .part L_0x55ba8887c200, 128, 64;
L_0x55ba8887b9e0 .part L_0x55ba8887c840, 512, 64;
L_0x55ba8887bd80 .part L_0x55ba8887c840, 64, 64;
L_0x55ba8887be50 .part L_0x55ba8887c200, 64, 64;
LS_0x55ba8887c200_0_0 .concat8 [ 64 64 64 64], v0x55ba8886cbd0_0, v0x55ba8886b950_0, v0x55ba8886b010_0, v0x55ba8886a6d0_0;
LS_0x55ba8887c200_0_4 .concat8 [ 64 64 64 64], v0x55ba88869d90_0, v0x55ba88869450_0, v0x55ba88868b10_0, v0x55ba888681d0_0;
LS_0x55ba8887c200_0_8 .concat8 [ 64 64 64 64], v0x55ba88867890_0, v0x55ba88866f50_0, v0x55ba88866610_0, v0x55ba88865390_0;
LS_0x55ba8887c200_0_12 .concat8 [ 64 64 64 64], v0x55ba88864a50_0, v0x55ba88864110_0, v0x55ba88863820_0, v0x55ba88862ee0_0;
LS_0x55ba8887c200_0_16 .concat8 [ 64 64 64 64], v0x55ba888625d0_0, v0x55ba88861d00_0, v0x55ba888613e0_0, v0x55ba88860bb0_0;
LS_0x55ba8887c200_0_20 .concat8 [ 64 64 64 64], v0x55ba888603a0_0, v0x55ba88870350_0, v0x55ba8886fa10_0, v0x55ba8886f0d0_0;
LS_0x55ba8887c200_0_24 .concat8 [ 64 64 64 64], v0x55ba8886e790_0, v0x55ba8886de50_0, v0x55ba8886d510_0, v0x55ba8886c290_0;
LS_0x55ba8887c200_0_28 .concat8 [ 64 64 0 0], v0x55ba88865cd0_0, v0x55ba8885fbf0_0;
LS_0x55ba8887c200_1_0 .concat8 [ 256 256 256 256], LS_0x55ba8887c200_0_0, LS_0x55ba8887c200_0_4, LS_0x55ba8887c200_0_8, LS_0x55ba8887c200_0_12;
LS_0x55ba8887c200_1_4 .concat8 [ 256 256 256 128], LS_0x55ba8887c200_0_16, LS_0x55ba8887c200_0_20, LS_0x55ba8887c200_0_24, LS_0x55ba8887c200_0_28;
L_0x55ba8887c200 .concat8 [ 1024 896 0 0], LS_0x55ba8887c200_1_0, LS_0x55ba8887c200_1_4;
LS_0x55ba8887c840_0_0 .concat8 [ 64 64 64 64], v0x55ba8886c9c0_0, v0x55ba8886b740_0, v0x55ba8886ae00_0, v0x55ba8886a4c0_0;
LS_0x55ba8887c840_0_4 .concat8 [ 64 64 64 64], v0x55ba88869b80_0, v0x55ba88869240_0, v0x55ba88868900_0, v0x55ba88867fc0_0;
LS_0x55ba8887c840_0_8 .concat8 [ 64 64 64 64], v0x55ba88867680_0, v0x55ba88866d40_0, v0x55ba88866400_0, v0x55ba88865180_0;
LS_0x55ba8887c840_0_12 .concat8 [ 64 64 64 64], v0x55ba88864840_0, v0x55ba88863f50_0, v0x55ba88863610_0, v0x55ba88862cd0_0;
LS_0x55ba8887c840_0_16 .concat8 [ 64 64 64 64], v0x55ba888623c0_0, v0x55ba88861af0_0, v0x55ba88861220_0, v0x55ba888609f0_0;
LS_0x55ba8887c840_0_20 .concat8 [ 64 64 64 64], v0x55ba888601e0_0, v0x55ba88870140_0, v0x55ba8886f800_0, v0x55ba8886eec0_0;
LS_0x55ba8887c840_0_24 .concat8 [ 64 64 64 64], v0x55ba8886e580_0, v0x55ba8886dc40_0, v0x55ba8886d300_0, v0x55ba8886c080_0;
LS_0x55ba8887c840_0_28 .concat8 [ 64 64 0 0], v0x55ba88865ac0_0, v0x55ba8885fa30_0;
LS_0x55ba8887c840_1_0 .concat8 [ 256 256 256 256], LS_0x55ba8887c840_0_0, LS_0x55ba8887c840_0_4, LS_0x55ba8887c840_0_8, LS_0x55ba8887c840_0_12;
LS_0x55ba8887c840_1_4 .concat8 [ 256 256 256 128], LS_0x55ba8887c840_0_16, LS_0x55ba8887c840_0_20, LS_0x55ba8887c840_0_24, LS_0x55ba8887c840_0_28;
L_0x55ba8887c840 .concat8 [ 1024 896 0 0], LS_0x55ba8887c840_1_0, LS_0x55ba8887c840_1_4;
L_0x55ba8887d270 .part L_0x55ba8887c200, 0, 64;
L_0x55ba8887d340 .part L_0x55ba8887c840, 0, 64;
L_0x55ba8887d710 .part L_0x55ba8887c200, 0, 64;
L_0x55ba8887dbf0 .part L_0x55ba8887c840, 0, 64;
S_0x55ba88825db0 .scope module, "a1" "CSA" 2 25, 3 1 0, S_0x55ba8881aaf0;
 .timescale 0 0;
    .port_info 0 /INPUT 64 "a"
    .port_info 1 /INPUT 64 "b"
    .port_info 2 /INPUT 64 "c"
    .port_info 3 /OUTPUT 64 "sum"
    .port_info 4 /OUTPUT 64 "car"
v0x55ba88844b50_0 .net "a", 63 0, L_0x55ba88872ec0;  1 drivers
v0x55ba88847810_0 .net "b", 63 0, L_0x55ba88872f90;  1 drivers
v0x55ba8884a4d0_0 .net "c", 63 0, L_0x55ba88873030;  1 drivers
v0x55ba8885fa30_0 .var "car", 63 0;
v0x55ba8885fb10_0 .var/i "i", 31 0;
v0x55ba8885fbf0_0 .var "sum", 63 0;
E_0x55ba887c0830 .event edge, v0x55ba8885fb10_0, v0x55ba88844b50_0, v0x55ba88847810_0, v0x55ba8884a4d0_0;
S_0x55ba8885fd70 .scope module, "a10" "CSA" 2 34, 3 1 0, S_0x55ba8881aaf0;
 .timescale 0 0;
    .port_info 0 /INPUT 64 "a"
    .port_info 1 /INPUT 64 "b"
    .port_info 2 /INPUT 64 "c"
    .port_info 3 /OUTPUT 64 "sum"
    .port_info 4 /OUTPUT 64 "car"
v0x55ba8885ff40_0 .net "a", 63 0, L_0x55ba88874cb0;  1 drivers
v0x55ba88860040_0 .net "b", 63 0, L_0x55ba88874e70;  1 drivers
v0x55ba88860120_0 .net "c", 63 0, L_0x55ba88874f40;  1 drivers
v0x55ba888601e0_0 .var "car", 63 0;
v0x55ba888602c0_0 .var/i "i", 31 0;
v0x55ba888603a0_0 .var "sum", 63 0;
E_0x55ba887c0c00 .event edge, v0x55ba888602c0_0, v0x55ba8885ff40_0, v0x55ba88860040_0, v0x55ba88860120_0;
S_0x55ba88860520 .scope module, "a11" "CSA" 2 36, 3 1 0, S_0x55ba8881aaf0;
 .timescale 0 0;
    .port_info 0 /INPUT 64 "a"
    .port_info 1 /INPUT 64 "b"
    .port_info 2 /INPUT 64 "c"
    .port_info 3 /OUTPUT 64 "sum"
    .port_info 4 /OUTPUT 64 "car"
v0x55ba88860750_0 .net "a", 63 0, L_0x55ba88875110;  1 drivers
v0x55ba88860850_0 .net "b", 63 0, L_0x55ba88875210;  1 drivers
v0x55ba88860930_0 .net "c", 63 0, L_0x55ba88875420;  1 drivers
v0x55ba888609f0_0 .var "car", 63 0;
v0x55ba88860ad0_0 .var/i "i", 31 0;
v0x55ba88860bb0_0 .var "sum", 63 0;
E_0x55ba887c0ec0 .event edge, v0x55ba88860ad0_0, v0x55ba88860750_0, v0x55ba88860850_0, v0x55ba88860930_0;
S_0x55ba88860d30 .scope module, "a12" "CSA" 2 37, 3 1 0, S_0x55ba8881aaf0;
 .timescale 0 0;
    .port_info 0 /INPUT 64 "a"
    .port_info 1 /INPUT 64 "b"
    .port_info 2 /INPUT 64 "c"
    .port_info 3 /OUTPUT 64 "sum"
    .port_info 4 /OUTPUT 64 "car"
v0x55ba88860f80_0 .net "a", 63 0, L_0x55ba888754f0;  1 drivers
v0x55ba88861080_0 .net "b", 63 0, L_0x55ba888756b0;  1 drivers
v0x55ba88861160_0 .net "c", 63 0, L_0x55ba88875750;  1 drivers
v0x55ba88861220_0 .var "car", 63 0;
v0x55ba88861300_0 .var/i "i", 31 0;
v0x55ba888613e0_0 .var "sum", 63 0;
E_0x55ba887c0a90 .event edge, v0x55ba88861300_0, v0x55ba88860f80_0, v0x55ba88861080_0, v0x55ba88861160_0;
S_0x55ba88861560 .scope module, "a13" "CSA" 2 38, 3 1 0, S_0x55ba8881aaf0;
 .timescale 0 0;
    .port_info 0 /INPUT 64 "a"
    .port_info 1 /INPUT 64 "b"
    .port_info 2 /INPUT 64 "c"
    .port_info 3 /OUTPUT 64 "sum"
    .port_info 4 /OUTPUT 64 "car"
v0x55ba88861850_0 .net "a", 63 0, L_0x55ba88875590;  1 drivers
v0x55ba88861950_0 .net "b", 63 0, L_0x55ba88875950;  1 drivers
v0x55ba88861a30_0 .net "c", 63 0, L_0x55ba88875b30;  1 drivers
v0x55ba88861af0_0 .var "car", 63 0;
v0x55ba88861bd0_0 .var/i "i", 31 0;
v0x55ba88861d00_0 .var "sum", 63 0;
E_0x55ba88851110 .event edge, v0x55ba88861bd0_0, v0x55ba88861850_0, v0x55ba88861950_0, v0x55ba88861a30_0;
S_0x55ba88861e80 .scope module, "a14" "CSA" 2 39, 3 1 0, S_0x55ba8881aaf0;
 .timescale 0 0;
    .port_info 0 /INPUT 64 "a"
    .port_info 1 /INPUT 64 "b"
    .port_info 2 /INPUT 64 "c"
    .port_info 3 /OUTPUT 64 "sum"
    .port_info 4 /OUTPUT 64 "car"
v0x55ba88862120_0 .net "a", 63 0, L_0x55ba88875c00;  1 drivers
v0x55ba88862220_0 .net "b", 63 0, L_0x55ba88875e20;  1 drivers
v0x55ba88862300_0 .net "c", 63 0, L_0x55ba88875ef0;  1 drivers
v0x55ba888623c0_0 .var "car", 63 0;
v0x55ba888624a0_0 .var/i "i", 31 0;
v0x55ba888625d0_0 .var "sum", 63 0;
E_0x55ba88851dd0 .event edge, v0x55ba888624a0_0, v0x55ba88862120_0, v0x55ba88862220_0, v0x55ba88862300_0;
S_0x55ba88862750 .scope module, "a15" "CSA" 2 40, 3 1 0, S_0x55ba8881aaf0;
 .timescale 0 0;
    .port_info 0 /INPUT 64 "a"
    .port_info 1 /INPUT 64 "b"
    .port_info 2 /INPUT 64 "c"
    .port_info 3 /OUTPUT 64 "sum"
    .port_info 4 /OUTPUT 64 "car"
v0x55ba88862a30_0 .net "a", 63 0, L_0x55ba88876120;  1 drivers
v0x55ba88862b30_0 .net "b", 63 0, L_0x55ba888761f0;  1 drivers
v0x55ba88862c10_0 .net "c", 63 0, L_0x55ba88876430;  1 drivers
v0x55ba88862cd0_0 .var "car", 63 0;
v0x55ba88862db0_0 .var/i "i", 31 0;
v0x55ba88862ee0_0 .var "sum", 63 0;
E_0x55ba888629a0 .event edge, v0x55ba88862db0_0, v0x55ba88862a30_0, v0x55ba88862b30_0, v0x55ba88862c10_0;
S_0x55ba88863060 .scope module, "a16" "CSA" 2 41, 3 1 0, S_0x55ba8881aaf0;
 .timescale 0 0;
    .port_info 0 /INPUT 64 "a"
    .port_info 1 /INPUT 64 "b"
    .port_info 2 /INPUT 64 "c"
    .port_info 3 /OUTPUT 64 "sum"
    .port_info 4 /OUTPUT 64 "car"
v0x55ba88863340_0 .net "a", 63 0, L_0x55ba88876500;  1 drivers
v0x55ba88863440_0 .net "b", 63 0, L_0x55ba88876750;  1 drivers
v0x55ba88863520_0 .net "c", 63 0, L_0x55ba88876820;  1 drivers
v0x55ba88863610_0 .var "car", 63 0;
v0x55ba888636f0_0 .var/i "i", 31 0;
v0x55ba88863820_0 .var "sum", 63 0;
E_0x55ba888632b0 .event edge, v0x55ba888636f0_0, v0x55ba88863340_0, v0x55ba88863440_0, v0x55ba88863520_0;
S_0x55ba888639a0 .scope module, "a17" "CSA" 2 42, 3 1 0, S_0x55ba8881aaf0;
 .timescale 0 0;
    .port_info 0 /INPUT 64 "a"
    .port_info 1 /INPUT 64 "b"
    .port_info 2 /INPUT 64 "c"
    .port_info 3 /OUTPUT 64 "sum"
    .port_info 4 /OUTPUT 64 "car"
v0x55ba88863c80_0 .net "a", 63 0, L_0x55ba88876a80;  1 drivers
v0x55ba88863d80_0 .net "b", 63 0, L_0x55ba88876b50;  1 drivers
v0x55ba88863e60_0 .net "c", 63 0, L_0x55ba88876dc0;  1 drivers
v0x55ba88863f50_0 .var "car", 63 0;
v0x55ba88864030_0 .var/i "i", 31 0;
v0x55ba88864110_0 .var "sum", 63 0;
E_0x55ba88863bf0 .event edge, v0x55ba88864030_0, v0x55ba88863c80_0, v0x55ba88863d80_0, v0x55ba88863e60_0;
S_0x55ba88864290 .scope module, "a18" "CSA" 2 44, 3 1 0, S_0x55ba8881aaf0;
 .timescale 0 0;
    .port_info 0 /INPUT 64 "a"
    .port_info 1 /INPUT 64 "b"
    .port_info 2 /INPUT 64 "c"
    .port_info 3 /OUTPUT 64 "sum"
    .port_info 4 /OUTPUT 64 "car"
v0x55ba88864570_0 .net "a", 63 0, L_0x55ba888772a0;  1 drivers
v0x55ba88864670_0 .net "b", 63 0, L_0x55ba88877520;  1 drivers
v0x55ba88864750_0 .net "c", 63 0, L_0x55ba888775f0;  1 drivers
v0x55ba88864840_0 .var "car", 63 0;
v0x55ba88864920_0 .var/i "i", 31 0;
v0x55ba88864a50_0 .var "sum", 63 0;
E_0x55ba888644e0 .event edge, v0x55ba88864920_0, v0x55ba88864570_0, v0x55ba88864670_0, v0x55ba88864750_0;
S_0x55ba88864bd0 .scope module, "a19" "CSA" 2 45, 3 1 0, S_0x55ba8881aaf0;
 .timescale 0 0;
    .port_info 0 /INPUT 64 "a"
    .port_info 1 /INPUT 64 "b"
    .port_info 2 /INPUT 64 "c"
    .port_info 3 /OUTPUT 64 "sum"
    .port_info 4 /OUTPUT 64 "car"
v0x55ba88864eb0_0 .net "a", 63 0, L_0x55ba88877880;  1 drivers
v0x55ba88864fb0_0 .net "b", 63 0, L_0x55ba88877950;  1 drivers
v0x55ba88865090_0 .net "c", 63 0, L_0x55ba88877bf0;  1 drivers
v0x55ba88865180_0 .var "car", 63 0;
v0x55ba88865260_0 .var/i "i", 31 0;
v0x55ba88865390_0 .var "sum", 63 0;
E_0x55ba88864e20 .event edge, v0x55ba88865260_0, v0x55ba88864eb0_0, v0x55ba88864fb0_0, v0x55ba88865090_0;
S_0x55ba88865510 .scope module, "a2" "CSA" 2 26, 3 1 0, S_0x55ba8881aaf0;
 .timescale 0 0;
    .port_info 0 /INPUT 64 "a"
    .port_info 1 /INPUT 64 "b"
    .port_info 2 /INPUT 64 "c"
    .port_info 3 /OUTPUT 64 "sum"
    .port_info 4 /OUTPUT 64 "car"
v0x55ba888657f0_0 .net "a", 63 0, L_0x55ba88873190;  1 drivers
v0x55ba888658f0_0 .net "b", 63 0, L_0x55ba88873290;  1 drivers
v0x55ba888659d0_0 .net "c", 63 0, L_0x55ba88873360;  1 drivers
v0x55ba88865ac0_0 .var "car", 63 0;
v0x55ba88865ba0_0 .var/i "i", 31 0;
v0x55ba88865cd0_0 .var "sum", 63 0;
E_0x55ba88865760 .event edge, v0x55ba88865ba0_0, v0x55ba888657f0_0, v0x55ba888658f0_0, v0x55ba888659d0_0;
S_0x55ba88865e50 .scope module, "a20" "CSA" 2 46, 3 1 0, S_0x55ba8881aaf0;
 .timescale 0 0;
    .port_info 0 /INPUT 64 "a"
    .port_info 1 /INPUT 64 "b"
    .port_info 2 /INPUT 64 "c"
    .port_info 3 /OUTPUT 64 "sum"
    .port_info 4 /OUTPUT 64 "car"
v0x55ba88866130_0 .net "a", 63 0, L_0x55ba88877cc0;  1 drivers
v0x55ba88866230_0 .net "b", 63 0, L_0x55ba88877f70;  1 drivers
v0x55ba88866310_0 .net "c", 63 0, L_0x55ba88878040;  1 drivers
v0x55ba88866400_0 .var "car", 63 0;
v0x55ba888664e0_0 .var/i "i", 31 0;
v0x55ba88866610_0 .var "sum", 63 0;
E_0x55ba888660a0 .event edge, v0x55ba888664e0_0, v0x55ba88866130_0, v0x55ba88866230_0, v0x55ba88866310_0;
S_0x55ba88866790 .scope module, "a21" "CSA" 2 47, 3 1 0, S_0x55ba8881aaf0;
 .timescale 0 0;
    .port_info 0 /INPUT 64 "a"
    .port_info 1 /INPUT 64 "b"
    .port_info 2 /INPUT 64 "c"
    .port_info 3 /OUTPUT 64 "sum"
    .port_info 4 /OUTPUT 64 "car"
v0x55ba88866a70_0 .net "a", 63 0, L_0x55ba88878300;  1 drivers
v0x55ba88866b70_0 .net "b", 63 0, L_0x55ba888783d0;  1 drivers
v0x55ba88866c50_0 .net "c", 63 0, L_0x55ba888786a0;  1 drivers
v0x55ba88866d40_0 .var "car", 63 0;
v0x55ba88866e20_0 .var/i "i", 31 0;
v0x55ba88866f50_0 .var "sum", 63 0;
E_0x55ba888669e0 .event edge, v0x55ba88866e20_0, v0x55ba88866a70_0, v0x55ba88866b70_0, v0x55ba88866c50_0;
S_0x55ba888670d0 .scope module, "a22" "CSA" 2 48, 3 1 0, S_0x55ba8881aaf0;
 .timescale 0 0;
    .port_info 0 /INPUT 64 "a"
    .port_info 1 /INPUT 64 "b"
    .port_info 2 /INPUT 64 "c"
    .port_info 3 /OUTPUT 64 "sum"
    .port_info 4 /OUTPUT 64 "car"
v0x55ba888673b0_0 .net "a", 63 0, L_0x55ba88878980;  1 drivers
v0x55ba888674b0_0 .net "b", 63 0, L_0x55ba88878c60;  1 drivers
v0x55ba88867590_0 .net "c", 63 0, L_0x55ba88878d30;  1 drivers
v0x55ba88867680_0 .var "car", 63 0;
v0x55ba88867760_0 .var/i "i", 31 0;
v0x55ba88867890_0 .var "sum", 63 0;
E_0x55ba88867320 .event edge, v0x55ba88867760_0, v0x55ba888673b0_0, v0x55ba888674b0_0, v0x55ba88867590_0;
S_0x55ba88867a10 .scope module, "a23" "CSA" 2 50, 3 1 0, S_0x55ba8881aaf0;
 .timescale 0 0;
    .port_info 0 /INPUT 64 "a"
    .port_info 1 /INPUT 64 "b"
    .port_info 2 /INPUT 64 "c"
    .port_info 3 /OUTPUT 64 "sum"
    .port_info 4 /OUTPUT 64 "car"
v0x55ba88867cf0_0 .net "a", 63 0, L_0x55ba88879020;  1 drivers
v0x55ba88867df0_0 .net "b", 63 0, L_0x55ba888790f0;  1 drivers
v0x55ba88867ed0_0 .net "c", 63 0, L_0x55ba888793f0;  1 drivers
v0x55ba88867fc0_0 .var "car", 63 0;
v0x55ba888680a0_0 .var/i "i", 31 0;
v0x55ba888681d0_0 .var "sum", 63 0;
E_0x55ba88867c60 .event edge, v0x55ba888680a0_0, v0x55ba88867cf0_0, v0x55ba88867df0_0, v0x55ba88867ed0_0;
S_0x55ba88868350 .scope module, "a24" "CSA" 2 51, 3 1 0, S_0x55ba8881aaf0;
 .timescale 0 0;
    .port_info 0 /INPUT 64 "a"
    .port_info 1 /INPUT 64 "b"
    .port_info 2 /INPUT 64 "c"
    .port_info 3 /OUTPUT 64 "sum"
    .port_info 4 /OUTPUT 64 "car"
v0x55ba88868630_0 .net "a", 63 0, L_0x55ba888794c0;  1 drivers
v0x55ba88868730_0 .net "b", 63 0, L_0x55ba888797d0;  1 drivers
v0x55ba88868810_0 .net "c", 63 0, L_0x55ba888798a0;  1 drivers
v0x55ba88868900_0 .var "car", 63 0;
v0x55ba888689e0_0 .var/i "i", 31 0;
v0x55ba88868b10_0 .var "sum", 63 0;
E_0x55ba888685a0 .event edge, v0x55ba888689e0_0, v0x55ba88868630_0, v0x55ba88868730_0, v0x55ba88868810_0;
S_0x55ba88868c90 .scope module, "a25" "CSA" 2 52, 3 1 0, S_0x55ba8881aaf0;
 .timescale 0 0;
    .port_info 0 /INPUT 64 "a"
    .port_info 1 /INPUT 64 "b"
    .port_info 2 /INPUT 64 "c"
    .port_info 3 /OUTPUT 64 "sum"
    .port_info 4 /OUTPUT 64 "car"
v0x55ba88868f70_0 .net "a", 63 0, L_0x55ba88879bc0;  1 drivers
v0x55ba88869070_0 .net "b", 63 0, L_0x55ba88879c90;  1 drivers
v0x55ba88869150_0 .net "c", 63 0, L_0x55ba88879fc0;  1 drivers
v0x55ba88869240_0 .var "car", 63 0;
v0x55ba88869320_0 .var/i "i", 31 0;
v0x55ba88869450_0 .var "sum", 63 0;
E_0x55ba88868ee0 .event edge, v0x55ba88869320_0, v0x55ba88868f70_0, v0x55ba88869070_0, v0x55ba88869150_0;
S_0x55ba888695d0 .scope module, "a26" "CSA" 2 54, 3 1 0, S_0x55ba8881aaf0;
 .timescale 0 0;
    .port_info 0 /INPUT 64 "a"
    .port_info 1 /INPUT 64 "b"
    .port_info 2 /INPUT 64 "c"
    .port_info 3 /OUTPUT 64 "sum"
    .port_info 4 /OUTPUT 64 "car"
v0x55ba888698b0_0 .net "a", 63 0, L_0x55ba8887a090;  1 drivers
v0x55ba888699b0_0 .net "b", 63 0, L_0x55ba8887a3d0;  1 drivers
v0x55ba88869a90_0 .net "c", 63 0, L_0x55ba8887a4a0;  1 drivers
v0x55ba88869b80_0 .var "car", 63 0;
v0x55ba88869c60_0 .var/i "i", 31 0;
v0x55ba88869d90_0 .var "sum", 63 0;
E_0x55ba88869820 .event edge, v0x55ba88869c60_0, v0x55ba888698b0_0, v0x55ba888699b0_0, v0x55ba88869a90_0;
S_0x55ba88869f10 .scope module, "a27" "CSA" 2 55, 3 1 0, S_0x55ba8881aaf0;
 .timescale 0 0;
    .port_info 0 /INPUT 64 "a"
    .port_info 1 /INPUT 64 "b"
    .port_info 2 /INPUT 64 "c"
    .port_info 3 /OUTPUT 64 "sum"
    .port_info 4 /OUTPUT 64 "car"
v0x55ba8886a1f0_0 .net "a", 63 0, L_0x55ba8887a7f0;  1 drivers
v0x55ba8886a2f0_0 .net "b", 63 0, L_0x55ba8887a8c0;  1 drivers
v0x55ba8886a3d0_0 .net "c", 63 0, L_0x55ba8887ac20;  1 drivers
v0x55ba8886a4c0_0 .var "car", 63 0;
v0x55ba8886a5a0_0 .var/i "i", 31 0;
v0x55ba8886a6d0_0 .var "sum", 63 0;
E_0x55ba8886a160 .event edge, v0x55ba8886a5a0_0, v0x55ba8886a1f0_0, v0x55ba8886a2f0_0, v0x55ba8886a3d0_0;
S_0x55ba8886a850 .scope module, "a28" "CSA" 2 57, 3 1 0, S_0x55ba8881aaf0;
 .timescale 0 0;
    .port_info 0 /INPUT 64 "a"
    .port_info 1 /INPUT 64 "b"
    .port_info 2 /INPUT 64 "c"
    .port_info 3 /OUTPUT 64 "sum"
    .port_info 4 /OUTPUT 64 "car"
v0x55ba8886ab30_0 .net "a", 63 0, L_0x55ba8887acf0;  1 drivers
v0x55ba8886ac30_0 .net "b", 63 0, L_0x55ba8887b060;  1 drivers
v0x55ba8886ad10_0 .net "c", 63 0, L_0x55ba8887b130;  1 drivers
v0x55ba8886ae00_0 .var "car", 63 0;
v0x55ba8886aee0_0 .var/i "i", 31 0;
v0x55ba8886b010_0 .var "sum", 63 0;
E_0x55ba8886aaa0 .event edge, v0x55ba8886aee0_0, v0x55ba8886ab30_0, v0x55ba8886ac30_0, v0x55ba8886ad10_0;
S_0x55ba8886b190 .scope module, "a29" "CSA" 2 59, 3 1 0, S_0x55ba8881aaf0;
 .timescale 0 0;
    .port_info 0 /INPUT 64 "a"
    .port_info 1 /INPUT 64 "b"
    .port_info 2 /INPUT 64 "c"
    .port_info 3 /OUTPUT 64 "sum"
    .port_info 4 /OUTPUT 64 "car"
v0x55ba8886b470_0 .net "a", 63 0, L_0x55ba8887b4b0;  1 drivers
v0x55ba8886b570_0 .net "b", 63 0, L_0x55ba8887b580;  1 drivers
v0x55ba8886b650_0 .net "c", 63 0, L_0x55ba8887b910;  1 drivers
v0x55ba8886b740_0 .var "car", 63 0;
v0x55ba8886b820_0 .var/i "i", 31 0;
v0x55ba8886b950_0 .var "sum", 63 0;
E_0x55ba8886b3e0 .event edge, v0x55ba8886b820_0, v0x55ba8886b470_0, v0x55ba8886b570_0, v0x55ba8886b650_0;
S_0x55ba8886bad0 .scope module, "a3" "CSA" 2 27, 3 1 0, S_0x55ba8881aaf0;
 .timescale 0 0;
    .port_info 0 /INPUT 64 "a"
    .port_info 1 /INPUT 64 "b"
    .port_info 2 /INPUT 64 "c"
    .port_info 3 /OUTPUT 64 "sum"
    .port_info 4 /OUTPUT 64 "car"
v0x55ba8886bdb0_0 .net "a", 63 0, L_0x55ba88873470;  1 drivers
v0x55ba8886beb0_0 .net "b", 63 0, L_0x55ba88873510;  1 drivers
v0x55ba8886bf90_0 .net "c", 63 0, L_0x55ba88873630;  1 drivers
v0x55ba8886c080_0 .var "car", 63 0;
v0x55ba8886c160_0 .var/i "i", 31 0;
v0x55ba8886c290_0 .var "sum", 63 0;
E_0x55ba8886bd20 .event edge, v0x55ba8886c160_0, v0x55ba8886bdb0_0, v0x55ba8886beb0_0, v0x55ba8886bf90_0;
S_0x55ba8886c410 .scope module, "a30" "CSA" 2 61, 3 1 0, S_0x55ba8881aaf0;
 .timescale 0 0;
    .port_info 0 /INPUT 64 "a"
    .port_info 1 /INPUT 64 "b"
    .port_info 2 /INPUT 64 "c"
    .port_info 3 /OUTPUT 64 "sum"
    .port_info 4 /OUTPUT 64 "car"
v0x55ba8886c6f0_0 .net "a", 63 0, L_0x55ba8887b9e0;  1 drivers
v0x55ba8886c7f0_0 .net "b", 63 0, L_0x55ba8887bd80;  1 drivers
v0x55ba8886c8d0_0 .net "c", 63 0, L_0x55ba8887be50;  1 drivers
v0x55ba8886c9c0_0 .var "car", 63 0;
v0x55ba8886caa0_0 .var/i "i", 31 0;
v0x55ba8886cbd0_0 .var "sum", 63 0;
E_0x55ba8886c660 .event edge, v0x55ba8886caa0_0, v0x55ba8886c6f0_0, v0x55ba8886c7f0_0, v0x55ba8886c8d0_0;
S_0x55ba8886cd50 .scope module, "a4" "CSA" 2 28, 3 1 0, S_0x55ba8881aaf0;
 .timescale 0 0;
    .port_info 0 /INPUT 64 "a"
    .port_info 1 /INPUT 64 "b"
    .port_info 2 /INPUT 64 "c"
    .port_info 3 /OUTPUT 64 "sum"
    .port_info 4 /OUTPUT 64 "car"
v0x55ba8886d030_0 .net "a", 63 0, L_0x55ba88873700;  1 drivers
v0x55ba8886d130_0 .net "b", 63 0, L_0x55ba88873830;  1 drivers
v0x55ba8886d210_0 .net "c", 63 0, L_0x55ba88873900;  1 drivers
v0x55ba8886d300_0 .var "car", 63 0;
v0x55ba8886d3e0_0 .var/i "i", 31 0;
v0x55ba8886d510_0 .var "sum", 63 0;
E_0x55ba8886cfa0 .event edge, v0x55ba8886d3e0_0, v0x55ba8886d030_0, v0x55ba8886d130_0, v0x55ba8886d210_0;
S_0x55ba8886d690 .scope module, "a5" "CSA" 2 29, 3 1 0, S_0x55ba8881aaf0;
 .timescale 0 0;
    .port_info 0 /INPUT 64 "a"
    .port_info 1 /INPUT 64 "b"
    .port_info 2 /INPUT 64 "c"
    .port_info 3 /OUTPUT 64 "sum"
    .port_info 4 /OUTPUT 64 "car"
v0x55ba8886d970_0 .net "a", 63 0, L_0x55ba88873a40;  1 drivers
v0x55ba8886da70_0 .net "b", 63 0, L_0x55ba88873b10;  1 drivers
v0x55ba8886db50_0 .net "c", 63 0, L_0x55ba88873c60;  1 drivers
v0x55ba8886dc40_0 .var "car", 63 0;
v0x55ba8886dd20_0 .var/i "i", 31 0;
v0x55ba8886de50_0 .var "sum", 63 0;
E_0x55ba8886d8e0 .event edge, v0x55ba8886dd20_0, v0x55ba8886d970_0, v0x55ba8886da70_0, v0x55ba8886db50_0;
S_0x55ba8886dfd0 .scope module, "a6" "CSA" 2 30, 3 1 0, S_0x55ba8881aaf0;
 .timescale 0 0;
    .port_info 0 /INPUT 64 "a"
    .port_info 1 /INPUT 64 "b"
    .port_info 2 /INPUT 64 "c"
    .port_info 3 /OUTPUT 64 "sum"
    .port_info 4 /OUTPUT 64 "car"
v0x55ba8886e2b0_0 .net "a", 63 0, L_0x55ba88873f40;  1 drivers
v0x55ba8886e3b0_0 .net "b", 63 0, L_0x55ba888740a0;  1 drivers
v0x55ba8886e490_0 .net "c", 63 0, L_0x55ba88874170;  1 drivers
v0x55ba8886e580_0 .var "car", 63 0;
v0x55ba8886e660_0 .var/i "i", 31 0;
v0x55ba8886e790_0 .var "sum", 63 0;
E_0x55ba8886e220 .event edge, v0x55ba8886e660_0, v0x55ba8886e2b0_0, v0x55ba8886e3b0_0, v0x55ba8886e490_0;
S_0x55ba8886e910 .scope module, "a7" "CSA" 2 31, 3 1 0, S_0x55ba8881aaf0;
 .timescale 0 0;
    .port_info 0 /INPUT 64 "a"
    .port_info 1 /INPUT 64 "b"
    .port_info 2 /INPUT 64 "c"
    .port_info 3 /OUTPUT 64 "sum"
    .port_info 4 /OUTPUT 64 "car"
v0x55ba8886ebf0_0 .net "a", 63 0, L_0x55ba888742e0;  1 drivers
v0x55ba8886ecf0_0 .net "b", 63 0, L_0x55ba888743b0;  1 drivers
v0x55ba8886edd0_0 .net "c", 63 0, L_0x55ba88874240;  1 drivers
v0x55ba8886eec0_0 .var "car", 63 0;
v0x55ba8886efa0_0 .var/i "i", 31 0;
v0x55ba8886f0d0_0 .var "sum", 63 0;
E_0x55ba8886eb60 .event edge, v0x55ba8886efa0_0, v0x55ba8886ebf0_0, v0x55ba8886ecf0_0, v0x55ba8886edd0_0;
S_0x55ba8886f250 .scope module, "a8" "CSA" 2 32, 3 1 0, S_0x55ba8881aaf0;
 .timescale 0 0;
    .port_info 0 /INPUT 64 "a"
    .port_info 1 /INPUT 64 "b"
    .port_info 2 /INPUT 64 "c"
    .port_info 3 /OUTPUT 64 "sum"
    .port_info 4 /OUTPUT 64 "car"
v0x55ba8886f530_0 .net "a", 63 0, L_0x55ba88874560;  1 drivers
v0x55ba8886f630_0 .net "b", 63 0, L_0x55ba888746f0;  1 drivers
v0x55ba8886f710_0 .net "c", 63 0, L_0x55ba888747c0;  1 drivers
v0x55ba8886f800_0 .var "car", 63 0;
v0x55ba8886f8e0_0 .var/i "i", 31 0;
v0x55ba8886fa10_0 .var "sum", 63 0;
E_0x55ba8886f4a0 .event edge, v0x55ba8886f8e0_0, v0x55ba8886f530_0, v0x55ba8886f630_0, v0x55ba8886f710_0;
S_0x55ba8886fb90 .scope module, "a9" "CSA" 2 33, 3 1 0, S_0x55ba8881aaf0;
 .timescale 0 0;
    .port_info 0 /INPUT 64 "a"
    .port_info 1 /INPUT 64 "b"
    .port_info 2 /INPUT 64 "c"
    .port_info 3 /OUTPUT 64 "sum"
    .port_info 4 /OUTPUT 64 "car"
v0x55ba8886fe70_0 .net "a", 63 0, L_0x55ba88874960;  1 drivers
v0x55ba8886ff70_0 .net "b", 63 0, L_0x55ba88874a30;  1 drivers
v0x55ba88870050_0 .net "c", 63 0, L_0x55ba88874be0;  1 drivers
v0x55ba88870140_0 .var "car", 63 0;
v0x55ba88870220_0 .var/i "i", 31 0;
v0x55ba88870350_0 .var "sum", 63 0;
E_0x55ba8886fde0 .event edge, v0x55ba88870220_0, v0x55ba8886fe70_0, v0x55ba8886ff70_0, v0x55ba88870050_0;
S_0x55ba888704d0 .scope module, "adder_0" "Fulladder" 2 75, 4 1 0, S_0x55ba8881aaf0;
 .timescale 0 0;
    .port_info 0 /INPUT 64 "a"
    .port_info 1 /INPUT 64 "b"
    .port_info 2 /INPUT 65 "c"
    .port_info 3 /OUTPUT 64 "s"
v0x55ba888707a0_0 .net "a", 63 0, L_0x55ba8887d710;  1 drivers
v0x55ba888708a0_0 .net "b", 63 0, L_0x55ba8887dbf0;  1 drivers
v0x55ba88870980_0 .net "c", 64 0, v0x55ba888721b0_0;  alias, 1 drivers
v0x55ba88870a70_0 .var/i "i", 31 0;
v0x55ba88870b50_0 .var "s", 63 0;
E_0x55ba88870710 .event edge, v0x55ba88870a70_0, v0x55ba888707a0_0, v0x55ba888708a0_0, v0x55ba88870980_0;
S_0x55ba88870d00 .scope module, "kpg_0" "kpg" 2 73, 5 1 0, S_0x55ba8881aaf0;
 .timescale 0 0;
    .port_info 0 /INPUT 64 "a"
    .port_info 1 /INPUT 64 "b"
    .port_info 2 /OUTPUT 128 "cout"
v0x55ba88870fc0_0 .net "a", 63 0, L_0x55ba8887d270;  1 drivers
v0x55ba888710c0_0 .net "b", 63 0, L_0x55ba8887d340;  1 drivers
v0x55ba888711a0_0 .var "cout", 127 0;
v0x55ba88871270_0 .var/i "i", 31 0;
E_0x55ba88870f40 .event edge, v0x55ba88871270_0, v0x55ba88870fc0_0, v0x55ba888710c0_0;
S_0x55ba888713d0 .scope module, "pp_1" "pp" 2 21, 6 1 0, S_0x55ba8881aaf0;
 .timescale 0 0;
    .port_info 0 /INPUT 32 "a"
    .port_info 1 /INPUT 32 "b"
    .port_info 2 /OUTPUT 2048 "p"
v0x55ba88871890_0 .net "a", 31 0, v0x55ba88872a60_0;  1 drivers
v0x55ba88871990_0 .net "b", 31 0, v0x55ba88872b50_0;  1 drivers
v0x55ba88871a70_0 .var/i "i", 31 0;
v0x55ba88871b60_0 .var "p", 2047 0;
E_0x55ba88871800 .event edge, v0x55ba88871a70_0, v0x55ba88871990_0, v0x55ba88871890_0, v0x55ba88871b60_0;
S_0x55ba88871cd0 .scope module, "ppc_0" "ppc" 2 74, 7 1 0, S_0x55ba8881aaf0;
 .timescale 0 0;
    .port_info 0 /INPUT 128 "c"
    .port_info 1 /INPUT 1 "cin"
    .port_info 2 /OUTPUT 65 "cout"
v0x55ba88871ff0_0 .net "c", 127 0, v0x55ba888711a0_0;  alias, 1 drivers
v0x55ba88872110_0 .net "cin", 0 0, v0x55ba888729c0_0;  1 drivers
v0x55ba888721b0_0 .var "cout", 64 0;
v0x55ba888722b0_0 .var/i "i", 31 0;
v0x55ba88872370_0 .var/i "j", 31 0;
v0x55ba888724a0_0 .var/i "k", 31 0;
v0x55ba88872580_0 .var "w0", 127 0;
E_0x55ba88871ef0 .event edge, v0x55ba88872110_0, v0x55ba888724a0_0, v0x55ba88872580_0, v0x55ba88870980_0;
E_0x55ba88871f80 .event edge, v0x55ba888722b0_0, v0x55ba888711a0_0, v0x55ba88872370_0, v0x55ba88872580_0;
    .scope S_0x55ba888713d0;
T_0 ;
    %wait E_0x55ba88871800;
    %pushi/vec4 0, 0, 32;
    %store/vec4 v0x55ba88871a70_0, 0, 32;
T_0.0 ;
    %load/vec4 v0x55ba88871a70_0;
    %cmpi/s 32, 0, 32;
    %jmp/0xz T_0.1, 5;
    %pushi/vec4 0, 0, 64;
    %pushi/vec4 1984, 0, 39;
    %load/vec4 v0x55ba88871a70_0;
    %pad/s 38;
    %muli 64, 0, 38;
    %pad/s 39;
    %sub;
    %ix/vec4/s 4;
    %store/vec4 v0x55ba88871b60_0, 4, 64;
    %load/vec4 v0x55ba88871990_0;
    %load/vec4 v0x55ba88871a70_0;
    %part/s 1;
    %pad/u 32;
    %cmpi/e 1, 0, 32;
    %jmp/0xz  T_0.2, 4;
    %load/vec4 v0x55ba88871890_0;
    %pad/u 64;
    %pushi/vec4 1984, 0, 39;
    %load/vec4 v0x55ba88871a70_0;
    %pad/s 38;
    %muli 64, 0, 38;
    %pad/s 39;
    %sub;
    %ix/vec4/s 4;
    %store/vec4 v0x55ba88871b60_0, 4, 64;
    %jmp T_0.3;
T_0.2 ;
    %pushi/vec4 0, 0, 64;
    %pushi/vec4 1984, 0, 39;
    %load/vec4 v0x55ba88871a70_0;
    %pad/s 38;
    %muli 64, 0, 38;
    %pad/s 39;
    %sub;
    %ix/vec4/s 4;
    %store/vec4 v0x55ba88871b60_0, 4, 64;
T_0.3 ;
    %load/vec4 v0x55ba88871b60_0;
    %pushi/vec4 1984, 0, 39;
    %load/vec4 v0x55ba88871a70_0;
    %pad/s 38;
    %muli 64, 0, 38;
    %pad/s 39;
    %sub;
    %part/s 64;
    %load/vec4 v0x55ba88871a70_0;
    %ix/vec4 4;
    %shiftl 4;
    %pushi/vec4 1984, 0, 39;
    %load/vec4 v0x55ba88871a70_0;
    %pad/s 38;
    %muli 64, 0, 38;
    %pad/s 39;
    %sub;
    %ix/vec4/s 4;
    %store/vec4 v0x55ba88871b60_0, 4, 64;
    %load/vec4 v0x55ba88871a70_0;
    %addi 1, 0, 32;
    %store/vec4 v0x55ba88871a70_0, 0, 32;
    %jmp T_0.0;
T_0.1 ;
    %jmp T_0;
    .thread T_0, $push;
    .scope S_0x55ba88825db0;
T_1 ;
    %wait E_0x55ba887c0830;
    %pushi/vec4 0, 0, 32;
    %store/vec4 v0x55ba8885fb10_0, 0, 32;
T_1.0 ;
    %load/vec4 v0x55ba8885fb10_0;
    %cmpi/s 64, 0, 32;
    %jmp/0xz T_1.1, 5;
    %pushi/vec4 0, 0, 1;
    %ix/load 4, 0, 0;
    %flag_set/imm 4, 0;
    %store/vec4 v0x55ba8885fa30_0, 4, 1;
    %load/vec4 v0x55ba88844b50_0;
    %load/vec4 v0x55ba8885fb10_0;
    %part/s 1;
    %load/vec4 v0x55ba88847810_0;
    %load/vec4 v0x55ba8885fb10_0;
    %part/s 1;
    %xor;
    %load/vec4 v0x55ba8884a4d0_0;
    %load/vec4 v0x55ba8885fb10_0;
    %part/s 1;
    %xor;
    %ix/getv/s 4, v0x55ba8885fb10_0;
    %store/vec4 v0x55ba8885fbf0_0, 4, 1;
    %load/vec4 v0x55ba88844b50_0;
    %load/vec4 v0x55ba8885fb10_0;
    %part/s 1;
    %load/vec4 v0x55ba88847810_0;
    %load/vec4 v0x55ba8885fb10_0;
    %part/s 1;
    %and;
    %load/vec4 v0x55ba88847810_0;
    %load/vec4 v0x55ba8885fb10_0;
    %part/s 1;
    %load/vec4 v0x55ba8884a4d0_0;
    %load/vec4 v0x55ba8885fb10_0;
    %part/s 1;
    %and;
    %or;
    %load/vec4 v0x55ba8884a4d0_0;
    %load/vec4 v0x55ba8885fb10_0;
    %part/s 1;
    %load/vec4 v0x55ba88844b50_0;
    %load/vec4 v0x55ba8885fb10_0;
    %part/s 1;
    %and;
    %or;
    %load/vec4 v0x55ba8885fb10_0;
    %addi 1, 0, 32;
    %ix/vec4/s 4;
    %store/vec4 v0x55ba8885fa30_0, 4, 1;
    %load/vec4 v0x55ba8885fb10_0;
    %addi 1, 0, 32;
    %store/vec4 v0x55ba8885fb10_0, 0, 32;
    %jmp T_1.0;
T_1.1 ;
    %jmp T_1;
    .thread T_1, $push;
    .scope S_0x55ba88865510;
T_2 ;
    %wait E_0x55ba88865760;
    %pushi/vec4 0, 0, 32;
    %store/vec4 v0x55ba88865ba0_0, 0, 32;
T_2.0 ;
    %load/vec4 v0x55ba88865ba0_0;
    %cmpi/s 64, 0, 32;
    %jmp/0xz T_2.1, 5;
    %pushi/vec4 0, 0, 1;
    %ix/load 4, 0, 0;
    %flag_set/imm 4, 0;
    %store/vec4 v0x55ba88865ac0_0, 4, 1;
    %load/vec4 v0x55ba888657f0_0;
    %load/vec4 v0x55ba88865ba0_0;
    %part/s 1;
    %load/vec4 v0x55ba888658f0_0;
    %load/vec4 v0x55ba88865ba0_0;
    %part/s 1;
    %xor;
    %load/vec4 v0x55ba888659d0_0;
    %load/vec4 v0x55ba88865ba0_0;
    %part/s 1;
    %xor;
    %ix/getv/s 4, v0x55ba88865ba0_0;
    %store/vec4 v0x55ba88865cd0_0, 4, 1;
    %load/vec4 v0x55ba888657f0_0;
    %load/vec4 v0x55ba88865ba0_0;
    %part/s 1;
    %load/vec4 v0x55ba888658f0_0;
    %load/vec4 v0x55ba88865ba0_0;
    %part/s 1;
    %and;
    %load/vec4 v0x55ba888658f0_0;
    %load/vec4 v0x55ba88865ba0_0;
    %part/s 1;
    %load/vec4 v0x55ba888659d0_0;
    %load/vec4 v0x55ba88865ba0_0;
    %part/s 1;
    %and;
    %or;
    %load/vec4 v0x55ba888659d0_0;
    %load/vec4 v0x55ba88865ba0_0;
    %part/s 1;
    %load/vec4 v0x55ba888657f0_0;
    %load/vec4 v0x55ba88865ba0_0;
    %part/s 1;
    %and;
    %or;
    %load/vec4 v0x55ba88865ba0_0;
    %addi 1, 0, 32;
    %ix/vec4/s 4;
    %store/vec4 v0x55ba88865ac0_0, 4, 1;
    %load/vec4 v0x55ba88865ba0_0;
    %addi 1, 0, 32;
    %store/vec4 v0x55ba88865ba0_0, 0, 32;
    %jmp T_2.0;
T_2.1 ;
    %jmp T_2;
    .thread T_2, $push;
    .scope S_0x55ba8886bad0;
T_3 ;
    %wait E_0x55ba8886bd20;
    %pushi/vec4 0, 0, 32;
    %store/vec4 v0x55ba8886c160_0, 0, 32;
T_3.0 ;
    %load/vec4 v0x55ba8886c160_0;
    %cmpi/s 64, 0, 32;
    %jmp/0xz T_3.1, 5;
    %pushi/vec4 0, 0, 1;
    %ix/load 4, 0, 0;
    %flag_set/imm 4, 0;
    %store/vec4 v0x55ba8886c080_0, 4, 1;
    %load/vec4 v0x55ba8886bdb0_0;
    %load/vec4 v0x55ba8886c160_0;
    %part/s 1;
    %load/vec4 v0x55ba8886beb0_0;
    %load/vec4 v0x55ba8886c160_0;
    %part/s 1;
    %xor;
    %load/vec4 v0x55ba8886bf90_0;
    %load/vec4 v0x55ba8886c160_0;
    %part/s 1;
    %xor;
    %ix/getv/s 4, v0x55ba8886c160_0;
    %store/vec4 v0x55ba8886c290_0, 4, 1;
    %load/vec4 v0x55ba8886bdb0_0;
    %load/vec4 v0x55ba8886c160_0;
    %part/s 1;
    %load/vec4 v0x55ba8886beb0_0;
    %load/vec4 v0x55ba8886c160_0;
    %part/s 1;
    %and;
    %load/vec4 v0x55ba8886beb0_0;
    %load/vec4 v0x55ba8886c160_0;
    %part/s 1;
    %load/vec4 v0x55ba8886bf90_0;
    %load/vec4 v0x55ba8886c160_0;
    %part/s 1;
    %and;
    %or;
    %load/vec4 v0x55ba8886bf90_0;
    %load/vec4 v0x55ba8886c160_0;
    %part/s 1;
    %load/vec4 v0x55ba8886bdb0_0;
    %load/vec4 v0x55ba8886c160_0;
    %part/s 1;
    %and;
    %or;
    %load/vec4 v0x55ba8886c160_0;
    %addi 1, 0, 32;
    %ix/vec4/s 4;
    %store/vec4 v0x55ba8886c080_0, 4, 1;
    %load/vec4 v0x55ba8886c160_0;
    %addi 1, 0, 32;
    %store/vec4 v0x55ba8886c160_0, 0, 32;
    %jmp T_3.0;
T_3.1 ;
    %jmp T_3;
    .thread T_3, $push;
    .scope S_0x55ba8886cd50;
T_4 ;
    %wait E_0x55ba8886cfa0;
    %pushi/vec4 0, 0, 32;
    %store/vec4 v0x55ba8886d3e0_0, 0, 32;
T_4.0 ;
    %load/vec4 v0x55ba8886d3e0_0;
    %cmpi/s 64, 0, 32;
    %jmp/0xz T_4.1, 5;
    %pushi/vec4 0, 0, 1;
    %ix/load 4, 0, 0;
    %flag_set/imm 4, 0;
    %store/vec4 v0x55ba8886d300_0, 4, 1;
    %load/vec4 v0x55ba8886d030_0;
    %load/vec4 v0x55ba8886d3e0_0;
    %part/s 1;
    %load/vec4 v0x55ba8886d130_0;
    %load/vec4 v0x55ba8886d3e0_0;
    %part/s 1;
    %xor;
    %load/vec4 v0x55ba8886d210_0;
    %load/vec4 v0x55ba8886d3e0_0;
    %part/s 1;
    %xor;
    %ix/getv/s 4, v0x55ba8886d3e0_0;
    %store/vec4 v0x55ba8886d510_0, 4, 1;
    %load/vec4 v0x55ba8886d030_0;
    %load/vec4 v0x55ba8886d3e0_0;
    %part/s 1;
    %load/vec4 v0x55ba8886d130_0;
    %load/vec4 v0x55ba8886d3e0_0;
    %part/s 1;
    %and;
    %load/vec4 v0x55ba8886d130_0;
    %load/vec4 v0x55ba8886d3e0_0;
    %part/s 1;
    %load/vec4 v0x55ba8886d210_0;
    %load/vec4 v0x55ba8886d3e0_0;
    %part/s 1;
    %and;
    %or;
    %load/vec4 v0x55ba8886d210_0;
    %load/vec4 v0x55ba8886d3e0_0;
    %part/s 1;
    %load/vec4 v0x55ba8886d030_0;
    %load/vec4 v0x55ba8886d3e0_0;
    %part/s 1;
    %and;
    %or;
    %load/vec4 v0x55ba8886d3e0_0;
    %addi 1, 0, 32;
    %ix/vec4/s 4;
    %store/vec4 v0x55ba8886d300_0, 4, 1;
    %load/vec4 v0x55ba8886d3e0_0;
    %addi 1, 0, 32;
    %store/vec4 v0x55ba8886d3e0_0, 0, 32;
    %jmp T_4.0;
T_4.1 ;
    %jmp T_4;
    .thread T_4, $push;
    .scope S_0x55ba8886d690;
T_5 ;
    %wait E_0x55ba8886d8e0;
    %pushi/vec4 0, 0, 32;
    %store/vec4 v0x55ba8886dd20_0, 0, 32;
T_5.0 ;
    %load/vec4 v0x55ba8886dd20_0;
    %cmpi/s 64, 0, 32;
    %jmp/0xz T_5.1, 5;
    %pushi/vec4 0, 0, 1;
    %ix/load 4, 0, 0;
    %flag_set/imm 4, 0;
    %store/vec4 v0x55ba8886dc40_0, 4, 1;
    %load/vec4 v0x55ba8886d970_0;
    %load/vec4 v0x55ba8886dd20_0;
    %part/s 1;
    %load/vec4 v0x55ba8886da70_0;
    %load/vec4 v0x55ba8886dd20_0;
    %part/s 1;
    %xor;
    %load/vec4 v0x55ba8886db50_0;
    %load/vec4 v0x55ba8886dd20_0;
    %part/s 1;
    %xor;
    %ix/getv/s 4, v0x55ba8886dd20_0;
    %store/vec4 v0x55ba8886de50_0, 4, 1;
    %load/vec4 v0x55ba8886d970_0;
    %load/vec4 v0x55ba8886dd20_0;
    %part/s 1;
    %load/vec4 v0x55ba8886da70_0;
    %load/vec4 v0x55ba8886dd20_0;
    %part/s 1;
    %and;
    %load/vec4 v0x55ba8886da70_0;
    %load/vec4 v0x55ba8886dd20_0;
    %part/s 1;
    %load/vec4 v0x55ba8886db50_0;
    %load/vec4 v0x55ba8886dd20_0;
    %part/s 1;
    %and;
    %or;
    %load/vec4 v0x55ba8886db50_0;
    %load/vec4 v0x55ba8886dd20_0;
    %part/s 1;
    %load/vec4 v0x55ba8886d970_0;
    %load/vec4 v0x55ba8886dd20_0;
    %part/s 1;
    %and;
    %or;
    %load/vec4 v0x55ba8886dd20_0;
    %addi 1, 0, 32;
    %ix/vec4/s 4;
    %store/vec4 v0x55ba8886dc40_0, 4, 1;
    %load/vec4 v0x55ba8886dd20_0;
    %addi 1, 0, 32;
    %store/vec4 v0x55ba8886dd20_0, 0, 32;
    %jmp T_5.0;
T_5.1 ;
    %jmp T_5;
    .thread T_5, $push;
    .scope S_0x55ba8886dfd0;
T_6 ;
    %wait E_0x55ba8886e220;
    %pushi/vec4 0, 0, 32;
    %store/vec4 v0x55ba8886e660_0, 0, 32;
T_6.0 ;
    %load/vec4 v0x55ba8886e660_0;
    %cmpi/s 64, 0, 32;
    %jmp/0xz T_6.1, 5;
    %pushi/vec4 0, 0, 1;
    %ix/load 4, 0, 0;
    %flag_set/imm 4, 0;
    %store/vec4 v0x55ba8886e580_0, 4, 1;
    %load/vec4 v0x55ba8886e2b0_0;
    %load/vec4 v0x55ba8886e660_0;
    %part/s 1;
    %load/vec4 v0x55ba8886e3b0_0;
    %load/vec4 v0x55ba8886e660_0;
    %part/s 1;
    %xor;
    %load/vec4 v0x55ba8886e490_0;
    %load/vec4 v0x55ba8886e660_0;
    %part/s 1;
    %xor;
    %ix/getv/s 4, v0x55ba8886e660_0;
    %store/vec4 v0x55ba8886e790_0, 4, 1;
    %load/vec4 v0x55ba8886e2b0_0;
    %load/vec4 v0x55ba8886e660_0;
    %part/s 1;
    %load/vec4 v0x55ba8886e3b0_0;
    %load/vec4 v0x55ba8886e660_0;
    %part/s 1;
    %and;
    %load/vec4 v0x55ba8886e3b0_0;
    %load/vec4 v0x55ba8886e660_0;
    %part/s 1;
    %load/vec4 v0x55ba8886e490_0;
    %load/vec4 v0x55ba8886e660_0;
    %part/s 1;
    %and;
    %or;
    %load/vec4 v0x55ba8886e490_0;
    %load/vec4 v0x55ba8886e660_0;
    %part/s 1;
    %load/vec4 v0x55ba8886e2b0_0;
    %load/vec4 v0x55ba8886e660_0;
    %part/s 1;
    %and;
    %or;
    %load/vec4 v0x55ba8886e660_0;
    %addi 1, 0, 32;
    %ix/vec4/s 4;
    %store/vec4 v0x55ba8886e580_0, 4, 1;
    %load/vec4 v0x55ba8886e660_0;
    %addi 1, 0, 32;
    %store/vec4 v0x55ba8886e660_0, 0, 32;
    %jmp T_6.0;
T_6.1 ;
    %jmp T_6;
    .thread T_6, $push;
    .scope S_0x55ba8886e910;
T_7 ;
    %wait E_0x55ba8886eb60;
    %pushi/vec4 0, 0, 32;
    %store/vec4 v0x55ba8886efa0_0, 0, 32;
T_7.0 ;
    %load/vec4 v0x55ba8886efa0_0;
    %cmpi/s 64, 0, 32;
    %jmp/0xz T_7.1, 5;
    %pushi/vec4 0, 0, 1;
    %ix/load 4, 0, 0;
    %flag_set/imm 4, 0;
    %store/vec4 v0x55ba8886eec0_0, 4, 1;
    %load/vec4 v0x55ba8886ebf0_0;
    %load/vec4 v0x55ba8886efa0_0;
    %part/s 1;
    %load/vec4 v0x55ba8886ecf0_0;
    %load/vec4 v0x55ba8886efa0_0;
    %part/s 1;
    %xor;
    %load/vec4 v0x55ba8886edd0_0;
    %load/vec4 v0x55ba8886efa0_0;
    %part/s 1;
    %xor;
    %ix/getv/s 4, v0x55ba8886efa0_0;
    %store/vec4 v0x55ba8886f0d0_0, 4, 1;
    %load/vec4 v0x55ba8886ebf0_0;
    %load/vec4 v0x55ba8886efa0_0;
    %part/s 1;
    %load/vec4 v0x55ba8886ecf0_0;
    %load/vec4 v0x55ba8886efa0_0;
    %part/s 1;
    %and;
    %load/vec4 v0x55ba8886ecf0_0;
    %load/vec4 v0x55ba8886efa0_0;
    %part/s 1;
    %load/vec4 v0x55ba8886edd0_0;
    %load/vec4 v0x55ba8886efa0_0;
    %part/s 1;
    %and;
    %or;
    %load/vec4 v0x55ba8886edd0_0;
    %load/vec4 v0x55ba8886efa0_0;
    %part/s 1;
    %load/vec4 v0x55ba8886ebf0_0;
    %load/vec4 v0x55ba8886efa0_0;
    %part/s 1;
    %and;
    %or;
    %load/vec4 v0x55ba8886efa0_0;
    %addi 1, 0, 32;
    %ix/vec4/s 4;
    %store/vec4 v0x55ba8886eec0_0, 4, 1;
    %load/vec4 v0x55ba8886efa0_0;
    %addi 1, 0, 32;
    %store/vec4 v0x55ba8886efa0_0, 0, 32;
    %jmp T_7.0;
T_7.1 ;
    %jmp T_7;
    .thread T_7, $push;
    .scope S_0x55ba8886f250;
T_8 ;
    %wait E_0x55ba8886f4a0;
    %pushi/vec4 0, 0, 32;
    %store/vec4 v0x55ba8886f8e0_0, 0, 32;
T_8.0 ;
    %load/vec4 v0x55ba8886f8e0_0;
    %cmpi/s 64, 0, 32;
    %jmp/0xz T_8.1, 5;
    %pushi/vec4 0, 0, 1;
    %ix/load 4, 0, 0;
    %flag_set/imm 4, 0;
    %store/vec4 v0x55ba8886f800_0, 4, 1;
    %load/vec4 v0x55ba8886f530_0;
    %load/vec4 v0x55ba8886f8e0_0;
    %part/s 1;
    %load/vec4 v0x55ba8886f630_0;
    %load/vec4 v0x55ba8886f8e0_0;
    %part/s 1;
    %xor;
    %load/vec4 v0x55ba8886f710_0;
    %load/vec4 v0x55ba8886f8e0_0;
    %part/s 1;
    %xor;
    %ix/getv/s 4, v0x55ba8886f8e0_0;
    %store/vec4 v0x55ba8886fa10_0, 4, 1;
    %load/vec4 v0x55ba8886f530_0;
    %load/vec4 v0x55ba8886f8e0_0;
    %part/s 1;
    %load/vec4 v0x55ba8886f630_0;
    %load/vec4 v0x55ba8886f8e0_0;
    %part/s 1;
    %and;
    %load/vec4 v0x55ba8886f630_0;
    %load/vec4 v0x55ba8886f8e0_0;
    %part/s 1;
    %load/vec4 v0x55ba8886f710_0;
    %load/vec4 v0x55ba8886f8e0_0;
    %part/s 1;
    %and;
    %or;
    %load/vec4 v0x55ba8886f710_0;
    %load/vec4 v0x55ba8886f8e0_0;
    %part/s 1;
    %load/vec4 v0x55ba8886f530_0;
    %load/vec4 v0x55ba8886f8e0_0;
    %part/s 1;
    %and;
    %or;
    %load/vec4 v0x55ba8886f8e0_0;
    %addi 1, 0, 32;
    %ix/vec4/s 4;
    %store/vec4 v0x55ba8886f800_0, 4, 1;
    %load/vec4 v0x55ba8886f8e0_0;
    %addi 1, 0, 32;
    %store/vec4 v0x55ba8886f8e0_0, 0, 32;
    %jmp T_8.0;
T_8.1 ;
    %jmp T_8;
    .thread T_8, $push;
    .scope S_0x55ba8886fb90;
T_9 ;
    %wait E_0x55ba8886fde0;
    %pushi/vec4 0, 0, 32;
    %store/vec4 v0x55ba88870220_0, 0, 32;
T_9.0 ;
    %load/vec4 v0x55ba88870220_0;
    %cmpi/s 64, 0, 32;
    %jmp/0xz T_9.1, 5;
    %pushi/vec4 0, 0, 1;
    %ix/load 4, 0, 0;
    %flag_set/imm 4, 0;
    %store/vec4 v0x55ba88870140_0, 4, 1;
    %load/vec4 v0x55ba8886fe70_0;
    %load/vec4 v0x55ba88870220_0;
    %part/s 1;
    %load/vec4 v0x55ba8886ff70_0;
    %load/vec4 v0x55ba88870220_0;
    %part/s 1;
    %xor;
    %load/vec4 v0x55ba88870050_0;
    %load/vec4 v0x55ba88870220_0;
    %part/s 1;
    %xor;
    %ix/getv/s 4, v0x55ba88870220_0;
    %store/vec4 v0x55ba88870350_0, 4, 1;
    %load/vec4 v0x55ba8886fe70_0;
    %load/vec4 v0x55ba88870220_0;
    %part/s 1;
    %load/vec4 v0x55ba8886ff70_0;
    %load/vec4 v0x55ba88870220_0;
    %part/s 1;
    %and;
    %load/vec4 v0x55ba8886ff70_0;
    %load/vec4 v0x55ba88870220_0;
    %part/s 1;
    %load/vec4 v0x55ba88870050_0;
    %load/vec4 v0x55ba88870220_0;
    %part/s 1;
    %and;
    %or;
    %load/vec4 v0x55ba88870050_0;
    %load/vec4 v0x55ba88870220_0;
    %part/s 1;
    %load/vec4 v0x55ba8886fe70_0;
    %load/vec4 v0x55ba88870220_0;
    %part/s 1;
    %and;
    %or;
    %load/vec4 v0x55ba88870220_0;
    %addi 1, 0, 32;
    %ix/vec4/s 4;
    %store/vec4 v0x55ba88870140_0, 4, 1;
    %load/vec4 v0x55ba88870220_0;
    %addi 1, 0, 32;
    %store/vec4 v0x55ba88870220_0, 0, 32;
    %jmp T_9.0;
T_9.1 ;
    %jmp T_9;
    .thread T_9, $push;
    .scope S_0x55ba8885fd70;
T_10 ;
    %wait E_0x55ba887c0c00;
    %pushi/vec4 0, 0, 32;
    %store/vec4 v0x55ba888602c0_0, 0, 32;
T_10.0 ;
    %load/vec4 v0x55ba888602c0_0;
    %cmpi/s 64, 0, 32;
    %jmp/0xz T_10.1, 5;
    %pushi/vec4 0, 0, 1;
    %ix/load 4, 0, 0;
    %flag_set/imm 4, 0;
    %store/vec4 v0x55ba888601e0_0, 4, 1;
    %load/vec4 v0x55ba8885ff40_0;
    %load/vec4 v0x55ba888602c0_0;
    %part/s 1;
    %load/vec4 v0x55ba88860040_0;
    %load/vec4 v0x55ba888602c0_0;
    %part/s 1;
    %xor;
    %load/vec4 v0x55ba88860120_0;
    %load/vec4 v0x55ba888602c0_0;
    %part/s 1;
    %xor;
    %ix/getv/s 4, v0x55ba888602c0_0;
    %store/vec4 v0x55ba888603a0_0, 4, 1;
    %load/vec4 v0x55ba8885ff40_0;
    %load/vec4 v0x55ba888602c0_0;
    %part/s 1;
    %load/vec4 v0x55ba88860040_0;
    %load/vec4 v0x55ba888602c0_0;
    %part/s 1;
    %and;
    %load/vec4 v0x55ba88860040_0;
    %load/vec4 v0x55ba888602c0_0;
    %part/s 1;
    %load/vec4 v0x55ba88860120_0;
    %load/vec4 v0x55ba888602c0_0;
    %part/s 1;
    %and;
    %or;
    %load/vec4 v0x55ba88860120_0;
    %load/vec4 v0x55ba888602c0_0;
    %part/s 1;
    %load/vec4 v0x55ba8885ff40_0;
    %load/vec4 v0x55ba888602c0_0;
    %part/s 1;
    %and;
    %or;
    %load/vec4 v0x55ba888602c0_0;
    %addi 1, 0, 32;
    %ix/vec4/s 4;
    %store/vec4 v0x55ba888601e0_0, 4, 1;
    %load/vec4 v0x55ba888602c0_0;
    %addi 1, 0, 32;
    %store/vec4 v0x55ba888602c0_0, 0, 32;
    %jmp T_10.0;
T_10.1 ;
    %jmp T_10;
    .thread T_10, $push;
    .scope S_0x55ba88860520;
T_11 ;
    %wait E_0x55ba887c0ec0;
    %pushi/vec4 0, 0, 32;
    %store/vec4 v0x55ba88860ad0_0, 0, 32;
T_11.0 ;
    %load/vec4 v0x55ba88860ad0_0;
    %cmpi/s 64, 0, 32;
    %jmp/0xz T_11.1, 5;
    %pushi/vec4 0, 0, 1;
    %ix/load 4, 0, 0;
    %flag_set/imm 4, 0;
    %store/vec4 v0x55ba888609f0_0, 4, 1;
    %load/vec4 v0x55ba88860750_0;
    %load/vec4 v0x55ba88860ad0_0;
    %part/s 1;
    %load/vec4 v0x55ba88860850_0;
    %load/vec4 v0x55ba88860ad0_0;
    %part/s 1;
    %xor;
    %load/vec4 v0x55ba88860930_0;
    %load/vec4 v0x55ba88860ad0_0;
    %part/s 1;
    %xor;
    %ix/getv/s 4, v0x55ba88860ad0_0;
    %store/vec4 v0x55ba88860bb0_0, 4, 1;
    %load/vec4 v0x55ba88860750_0;
    %load/vec4 v0x55ba88860ad0_0;
    %part/s 1;
    %load/vec4 v0x55ba88860850_0;
    %load/vec4 v0x55ba88860ad0_0;
    %part/s 1;
    %and;
    %load/vec4 v0x55ba88860850_0;
    %load/vec4 v0x55ba88860ad0_0;
    %part/s 1;
    %load/vec4 v0x55ba88860930_0;
    %load/vec4 v0x55ba88860ad0_0;
    %part/s 1;
    %and;
    %or;
    %load/vec4 v0x55ba88860930_0;
    %load/vec4 v0x55ba88860ad0_0;
    %part/s 1;
    %load/vec4 v0x55ba88860750_0;
    %load/vec4 v0x55ba88860ad0_0;
    %part/s 1;
    %and;
    %or;
    %load/vec4 v0x55ba88860ad0_0;
    %addi 1, 0, 32;
    %ix/vec4/s 4;
    %store/vec4 v0x55ba888609f0_0, 4, 1;
    %load/vec4 v0x55ba88860ad0_0;
    %addi 1, 0, 32;
    %store/vec4 v0x55ba88860ad0_0, 0, 32;
    %jmp T_11.0;
T_11.1 ;
    %jmp T_11;
    .thread T_11, $push;
    .scope S_0x55ba88860d30;
T_12 ;
    %wait E_0x55ba887c0a90;
    %pushi/vec4 0, 0, 32;
    %store/vec4 v0x55ba88861300_0, 0, 32;
T_12.0 ;
    %load/vec4 v0x55ba88861300_0;
    %cmpi/s 64, 0, 32;
    %jmp/0xz T_12.1, 5;
    %pushi/vec4 0, 0, 1;
    %ix/load 4, 0, 0;
    %flag_set/imm 4, 0;
    %store/vec4 v0x55ba88861220_0, 4, 1;
    %load/vec4 v0x55ba88860f80_0;
    %load/vec4 v0x55ba88861300_0;
    %part/s 1;
    %load/vec4 v0x55ba88861080_0;
    %load/vec4 v0x55ba88861300_0;
    %part/s 1;
    %xor;
    %load/vec4 v0x55ba88861160_0;
    %load/vec4 v0x55ba88861300_0;
    %part/s 1;
    %xor;
    %ix/getv/s 4, v0x55ba88861300_0;
    %store/vec4 v0x55ba888613e0_0, 4, 1;
    %load/vec4 v0x55ba88860f80_0;
    %load/vec4 v0x55ba88861300_0;
    %part/s 1;
    %load/vec4 v0x55ba88861080_0;
    %load/vec4 v0x55ba88861300_0;
    %part/s 1;
    %and;
    %load/vec4 v0x55ba88861080_0;
    %load/vec4 v0x55ba88861300_0;
    %part/s 1;
    %load/vec4 v0x55ba88861160_0;
    %load/vec4 v0x55ba88861300_0;
    %part/s 1;
    %and;
    %or;
    %load/vec4 v0x55ba88861160_0;
    %load/vec4 v0x55ba88861300_0;
    %part/s 1;
    %load/vec4 v0x55ba88860f80_0;
    %load/vec4 v0x55ba88861300_0;
    %part/s 1;
    %and;
    %or;
    %load/vec4 v0x55ba88861300_0;
    %addi 1, 0, 32;
    %ix/vec4/s 4;
    %store/vec4 v0x55ba88861220_0, 4, 1;
    %load/vec4 v0x55ba88861300_0;
    %addi 1, 0, 32;
    %store/vec4 v0x55ba88861300_0, 0, 32;
    %jmp T_12.0;
T_12.1 ;
    %jmp T_12;
    .thread T_12, $push;
    .scope S_0x55ba88861560;
T_13 ;
    %wait E_0x55ba88851110;
    %pushi/vec4 0, 0, 32;
    %store/vec4 v0x55ba88861bd0_0, 0, 32;
T_13.0 ;
    %load/vec4 v0x55ba88861bd0_0;
    %cmpi/s 64, 0, 32;
    %jmp/0xz T_13.1, 5;
    %pushi/vec4 0, 0, 1;
    %ix/load 4, 0, 0;
    %flag_set/imm 4, 0;
    %store/vec4 v0x55ba88861af0_0, 4, 1;
    %load/vec4 v0x55ba88861850_0;
    %load/vec4 v0x55ba88861bd0_0;
    %part/s 1;
    %load/vec4 v0x55ba88861950_0;
    %load/vec4 v0x55ba88861bd0_0;
    %part/s 1;
    %xor;
    %load/vec4 v0x55ba88861a30_0;
    %load/vec4 v0x55ba88861bd0_0;
    %part/s 1;
    %xor;
    %ix/getv/s 4, v0x55ba88861bd0_0;
    %store/vec4 v0x55ba88861d00_0, 4, 1;
    %load/vec4 v0x55ba88861850_0;
    %load/vec4 v0x55ba88861bd0_0;
    %part/s 1;
    %load/vec4 v0x55ba88861950_0;
    %load/vec4 v0x55ba88861bd0_0;
    %part/s 1;
    %and;
    %load/vec4 v0x55ba88861950_0;
    %load/vec4 v0x55ba88861bd0_0;
    %part/s 1;
    %load/vec4 v0x55ba88861a30_0;
    %load/vec4 v0x55ba88861bd0_0;
    %part/s 1;
    %and;
    %or;
    %load/vec4 v0x55ba88861a30_0;
    %load/vec4 v0x55ba88861bd0_0;
    %part/s 1;
    %load/vec4 v0x55ba88861850_0;
    %load/vec4 v0x55ba88861bd0_0;
    %part/s 1;
    %and;
    %or;
    %load/vec4 v0x55ba88861bd0_0;
    %addi 1, 0, 32;
    %ix/vec4/s 4;
    %store/vec4 v0x55ba88861af0_0, 4, 1;
    %load/vec4 v0x55ba88861bd0_0;
    %addi 1, 0, 32;
    %store/vec4 v0x55ba88861bd0_0, 0, 32;
    %jmp T_13.0;
T_13.1 ;
    %jmp T_13;
    .thread T_13, $push;
    .scope S_0x55ba88861e80;
T_14 ;
    %wait E_0x55ba88851dd0;
    %pushi/vec4 0, 0, 32;
    %store/vec4 v0x55ba888624a0_0, 0, 32;
T_14.0 ;
    %load/vec4 v0x55ba888624a0_0;
    %cmpi/s 64, 0, 32;
    %jmp/0xz T_14.1, 5;
    %pushi/vec4 0, 0, 1;
    %ix/load 4, 0, 0;
    %flag_set/imm 4, 0;
    %store/vec4 v0x55ba888623c0_0, 4, 1;
    %load/vec4 v0x55ba88862120_0;
    %load/vec4 v0x55ba888624a0_0;
    %part/s 1;
    %load/vec4 v0x55ba88862220_0;
    %load/vec4 v0x55ba888624a0_0;
    %part/s 1;
    %xor;
    %load/vec4 v0x55ba88862300_0;
    %load/vec4 v0x55ba888624a0_0;
    %part/s 1;
    %xor;
    %ix/getv/s 4, v0x55ba888624a0_0;
    %store/vec4 v0x55ba888625d0_0, 4, 1;
    %load/vec4 v0x55ba88862120_0;
    %load/vec4 v0x55ba888624a0_0;
    %part/s 1;
    %load/vec4 v0x55ba88862220_0;
    %load/vec4 v0x55ba888624a0_0;
    %part/s 1;
    %and;
    %load/vec4 v0x55ba88862220_0;
    %load/vec4 v0x55ba888624a0_0;
    %part/s 1;
    %load/vec4 v0x55ba88862300_0;
    %load/vec4 v0x55ba888624a0_0;
    %part/s 1;
    %and;
    %or;
    %load/vec4 v0x55ba88862300_0;
    %load/vec4 v0x55ba888624a0_0;
    %part/s 1;
    %load/vec4 v0x55ba88862120_0;
    %load/vec4 v0x55ba888624a0_0;
    %part/s 1;
    %and;
    %or;
    %load/vec4 v0x55ba888624a0_0;
    %addi 1, 0, 32;
    %ix/vec4/s 4;
    %store/vec4 v0x55ba888623c0_0, 4, 1;
    %load/vec4 v0x55ba888624a0_0;
    %addi 1, 0, 32;
    %store/vec4 v0x55ba888624a0_0, 0, 32;
    %jmp T_14.0;
T_14.1 ;
    %jmp T_14;
    .thread T_14, $push;
    .scope S_0x55ba88862750;
T_15 ;
    %wait E_0x55ba888629a0;
    %pushi/vec4 0, 0, 32;
    %store/vec4 v0x55ba88862db0_0, 0, 32;
T_15.0 ;
    %load/vec4 v0x55ba88862db0_0;
    %cmpi/s 64, 0, 32;
    %jmp/0xz T_15.1, 5;
    %pushi/vec4 0, 0, 1;
    %ix/load 4, 0, 0;
    %flag_set/imm 4, 0;
    %store/vec4 v0x55ba88862cd0_0, 4, 1;
    %load/vec4 v0x55ba88862a30_0;
    %load/vec4 v0x55ba88862db0_0;
    %part/s 1;
    %load/vec4 v0x55ba88862b30_0;
    %load/vec4 v0x55ba88862db0_0;
    %part/s 1;
    %xor;
    %load/vec4 v0x55ba88862c10_0;
    %load/vec4 v0x55ba88862db0_0;
    %part/s 1;
    %xor;
    %ix/getv/s 4, v0x55ba88862db0_0;
    %store/vec4 v0x55ba88862ee0_0, 4, 1;
    %load/vec4 v0x55ba88862a30_0;
    %load/vec4 v0x55ba88862db0_0;
    %part/s 1;
    %load/vec4 v0x55ba88862b30_0;
    %load/vec4 v0x55ba88862db0_0;
    %part/s 1;
    %and;
    %load/vec4 v0x55ba88862b30_0;
    %load/vec4 v0x55ba88862db0_0;
    %part/s 1;
    %load/vec4 v0x55ba88862c10_0;
    %load/vec4 v0x55ba88862db0_0;
    %part/s 1;
    %and;
    %or;
    %load/vec4 v0x55ba88862c10_0;
    %load/vec4 v0x55ba88862db0_0;
    %part/s 1;
    %load/vec4 v0x55ba88862a30_0;
    %load/vec4 v0x55ba88862db0_0;
    %part/s 1;
    %and;
    %or;
    %load/vec4 v0x55ba88862db0_0;
    %addi 1, 0, 32;
    %ix/vec4/s 4;
    %store/vec4 v0x55ba88862cd0_0, 4, 1;
    %load/vec4 v0x55ba88862db0_0;
    %addi 1, 0, 32;
    %store/vec4 v0x55ba88862db0_0, 0, 32;
    %jmp T_15.0;
T_15.1 ;
    %jmp T_15;
    .thread T_15, $push;
    .scope S_0x55ba88863060;
T_16 ;
    %wait E_0x55ba888632b0;
    %pushi/vec4 0, 0, 32;
    %store/vec4 v0x55ba888636f0_0, 0, 32;
T_16.0 ;
    %load/vec4 v0x55ba888636f0_0;
    %cmpi/s 64, 0, 32;
    %jmp/0xz T_16.1, 5;
    %pushi/vec4 0, 0, 1;
    %ix/load 4, 0, 0;
    %flag_set/imm 4, 0;
    %store/vec4 v0x55ba88863610_0, 4, 1;
    %load/vec4 v0x55ba88863340_0;
    %load/vec4 v0x55ba888636f0_0;
    %part/s 1;
    %load/vec4 v0x55ba88863440_0;
    %load/vec4 v0x55ba888636f0_0;
    %part/s 1;
    %xor;
    %load/vec4 v0x55ba88863520_0;
    %load/vec4 v0x55ba888636f0_0;
    %part/s 1;
    %xor;
    %ix/getv/s 4, v0x55ba888636f0_0;
    %store/vec4 v0x55ba88863820_0, 4, 1;
    %load/vec4 v0x55ba88863340_0;
    %load/vec4 v0x55ba888636f0_0;
    %part/s 1;
    %load/vec4 v0x55ba88863440_0;
    %load/vec4 v0x55ba888636f0_0;
    %part/s 1;
    %and;
    %load/vec4 v0x55ba88863440_0;
    %load/vec4 v0x55ba888636f0_0;
    %part/s 1;
    %load/vec4 v0x55ba88863520_0;
    %load/vec4 v0x55ba888636f0_0;
    %part/s 1;
    %and;
    %or;
    %load/vec4 v0x55ba88863520_0;
    %load/vec4 v0x55ba888636f0_0;
    %part/s 1;
    %load/vec4 v0x55ba88863340_0;
    %load/vec4 v0x55ba888636f0_0;
    %part/s 1;
    %and;
    %or;
    %load/vec4 v0x55ba888636f0_0;
    %addi 1, 0, 32;
    %ix/vec4/s 4;
    %store/vec4 v0x55ba88863610_0, 4, 1;
    %load/vec4 v0x55ba888636f0_0;
    %addi 1, 0, 32;
    %store/vec4 v0x55ba888636f0_0, 0, 32;
    %jmp T_16.0;
T_16.1 ;
    %jmp T_16;
    .thread T_16, $push;
    .scope S_0x55ba888639a0;
T_17 ;
    %wait E_0x55ba88863bf0;
    %pushi/vec4 0, 0, 32;
    %store/vec4 v0x55ba88864030_0, 0, 32;
T_17.0 ;
    %load/vec4 v0x55ba88864030_0;
    %cmpi/s 64, 0, 32;
    %jmp/0xz T_17.1, 5;
    %pushi/vec4 0, 0, 1;
    %ix/load 4, 0, 0;
    %flag_set/imm 4, 0;
    %store/vec4 v0x55ba88863f50_0, 4, 1;
    %load/vec4 v0x55ba88863c80_0;
    %load/vec4 v0x55ba88864030_0;
    %part/s 1;
    %load/vec4 v0x55ba88863d80_0;
    %load/vec4 v0x55ba88864030_0;
    %part/s 1;
    %xor;
    %load/vec4 v0x55ba88863e60_0;
    %load/vec4 v0x55ba88864030_0;
    %part/s 1;
    %xor;
    %ix/getv/s 4, v0x55ba88864030_0;
    %store/vec4 v0x55ba88864110_0, 4, 1;
    %load/vec4 v0x55ba88863c80_0;
    %load/vec4 v0x55ba88864030_0;
    %part/s 1;
    %load/vec4 v0x55ba88863d80_0;
    %load/vec4 v0x55ba88864030_0;
    %part/s 1;
    %and;
    %load/vec4 v0x55ba88863d80_0;
    %load/vec4 v0x55ba88864030_0;
    %part/s 1;
    %load/vec4 v0x55ba88863e60_0;
    %load/vec4 v0x55ba88864030_0;
    %part/s 1;
    %and;
    %or;
    %load/vec4 v0x55ba88863e60_0;
    %load/vec4 v0x55ba88864030_0;
    %part/s 1;
    %load/vec4 v0x55ba88863c80_0;
    %load/vec4 v0x55ba88864030_0;
    %part/s 1;
    %and;
    %or;
    %load/vec4 v0x55ba88864030_0;
    %addi 1, 0, 32;
    %ix/vec4/s 4;
    %store/vec4 v0x55ba88863f50_0, 4, 1;
    %load/vec4 v0x55ba88864030_0;
    %addi 1, 0, 32;
    %store/vec4 v0x55ba88864030_0, 0, 32;
    %jmp T_17.0;
T_17.1 ;
    %jmp T_17;
    .thread T_17, $push;
    .scope S_0x55ba88864290;
T_18 ;
    %wait E_0x55ba888644e0;
    %pushi/vec4 0, 0, 32;
    %store/vec4 v0x55ba88864920_0, 0, 32;
T_18.0 ;
    %load/vec4 v0x55ba88864920_0;
    %cmpi/s 64, 0, 32;
    %jmp/0xz T_18.1, 5;
    %pushi/vec4 0, 0, 1;
    %ix/load 4, 0, 0;
    %flag_set/imm 4, 0;
    %store/vec4 v0x55ba88864840_0, 4, 1;
    %load/vec4 v0x55ba88864570_0;
    %load/vec4 v0x55ba88864920_0;
    %part/s 1;
    %load/vec4 v0x55ba88864670_0;
    %load/vec4 v0x55ba88864920_0;
    %part/s 1;
    %xor;
    %load/vec4 v0x55ba88864750_0;
    %load/vec4 v0x55ba88864920_0;
    %part/s 1;
    %xor;
    %ix/getv/s 4, v0x55ba88864920_0;
    %store/vec4 v0x55ba88864a50_0, 4, 1;
    %load/vec4 v0x55ba88864570_0;
    %load/vec4 v0x55ba88864920_0;
    %part/s 1;
    %load/vec4 v0x55ba88864670_0;
    %load/vec4 v0x55ba88864920_0;
    %part/s 1;
    %and;
    %load/vec4 v0x55ba88864670_0;
    %load/vec4 v0x55ba88864920_0;
    %part/s 1;
    %load/vec4 v0x55ba88864750_0;
    %load/vec4 v0x55ba88864920_0;
    %part/s 1;
    %and;
    %or;
    %load/vec4 v0x55ba88864750_0;
    %load/vec4 v0x55ba88864920_0;
    %part/s 1;
    %load/vec4 v0x55ba88864570_0;
    %load/vec4 v0x55ba88864920_0;
    %part/s 1;
    %and;
    %or;
    %load/vec4 v0x55ba88864920_0;
    %addi 1, 0, 32;
    %ix/vec4/s 4;
    %store/vec4 v0x55ba88864840_0, 4, 1;
    %load/vec4 v0x55ba88864920_0;
    %addi 1, 0, 32;
    %store/vec4 v0x55ba88864920_0, 0, 32;
    %jmp T_18.0;
T_18.1 ;
    %jmp T_18;
    .thread T_18, $push;
    .scope S_0x55ba88864bd0;
T_19 ;
    %wait E_0x55ba88864e20;
    %pushi/vec4 0, 0, 32;
    %store/vec4 v0x55ba88865260_0, 0, 32;
T_19.0 ;
    %load/vec4 v0x55ba88865260_0;
    %cmpi/s 64, 0, 32;
    %jmp/0xz T_19.1, 5;
    %pushi/vec4 0, 0, 1;
    %ix/load 4, 0, 0;
    %flag_set/imm 4, 0;
    %store/vec4 v0x55ba88865180_0, 4, 1;
    %load/vec4 v0x55ba88864eb0_0;
    %load/vec4 v0x55ba88865260_0;
    %part/s 1;
    %load/vec4 v0x55ba88864fb0_0;
    %load/vec4 v0x55ba88865260_0;
    %part/s 1;
    %xor;
    %load/vec4 v0x55ba88865090_0;
    %load/vec4 v0x55ba88865260_0;
    %part/s 1;
    %xor;
    %ix/getv/s 4, v0x55ba88865260_0;
    %store/vec4 v0x55ba88865390_0, 4, 1;
    %load/vec4 v0x55ba88864eb0_0;
    %load/vec4 v0x55ba88865260_0;
    %part/s 1;
    %load/vec4 v0x55ba88864fb0_0;
    %load/vec4 v0x55ba88865260_0;
    %part/s 1;
    %and;
    %load/vec4 v0x55ba88864fb0_0;
    %load/vec4 v0x55ba88865260_0;
    %part/s 1;
    %load/vec4 v0x55ba88865090_0;
    %load/vec4 v0x55ba88865260_0;
    %part/s 1;
    %and;
    %or;
    %load/vec4 v0x55ba88865090_0;
    %load/vec4 v0x55ba88865260_0;
    %part/s 1;
    %load/vec4 v0x55ba88864eb0_0;
    %load/vec4 v0x55ba88865260_0;
    %part/s 1;
    %and;
    %or;
    %load/vec4 v0x55ba88865260_0;
    %addi 1, 0, 32;
    %ix/vec4/s 4;
    %store/vec4 v0x55ba88865180_0, 4, 1;
    %load/vec4 v0x55ba88865260_0;
    %addi 1, 0, 32;
    %store/vec4 v0x55ba88865260_0, 0, 32;
    %jmp T_19.0;
T_19.1 ;
    %jmp T_19;
    .thread T_19, $push;
    .scope S_0x55ba88865e50;
T_20 ;
    %wait E_0x55ba888660a0;
    %pushi/vec4 0, 0, 32;
    %store/vec4 v0x55ba888664e0_0, 0, 32;
T_20.0 ;
    %load/vec4 v0x55ba888664e0_0;
    %cmpi/s 64, 0, 32;
    %jmp/0xz T_20.1, 5;
    %pushi/vec4 0, 0, 1;
    %ix/load 4, 0, 0;
    %flag_set/imm 4, 0;
    %store/vec4 v0x55ba88866400_0, 4, 1;
    %load/vec4 v0x55ba88866130_0;
    %load/vec4 v0x55ba888664e0_0;
    %part/s 1;
    %load/vec4 v0x55ba88866230_0;
    %load/vec4 v0x55ba888664e0_0;
    %part/s 1;
    %xor;
    %load/vec4 v0x55ba88866310_0;
    %load/vec4 v0x55ba888664e0_0;
    %part/s 1;
    %xor;
    %ix/getv/s 4, v0x55ba888664e0_0;
    %store/vec4 v0x55ba88866610_0, 4, 1;
    %load/vec4 v0x55ba88866130_0;
    %load/vec4 v0x55ba888664e0_0;
    %part/s 1;
    %load/vec4 v0x55ba88866230_0;
    %load/vec4 v0x55ba888664e0_0;
    %part/s 1;
    %and;
    %load/vec4 v0x55ba88866230_0;
    %load/vec4 v0x55ba888664e0_0;
    %part/s 1;
    %load/vec4 v0x55ba88866310_0;
    %load/vec4 v0x55ba888664e0_0;
    %part/s 1;
    %and;
    %or;
    %load/vec4 v0x55ba88866310_0;
    %load/vec4 v0x55ba888664e0_0;
    %part/s 1;
    %load/vec4 v0x55ba88866130_0;
    %load/vec4 v0x55ba888664e0_0;
    %part/s 1;
    %and;
    %or;
    %load/vec4 v0x55ba888664e0_0;
    %addi 1, 0, 32;
    %ix/vec4/s 4;
    %store/vec4 v0x55ba88866400_0, 4, 1;
    %load/vec4 v0x55ba888664e0_0;
    %addi 1, 0, 32;
    %store/vec4 v0x55ba888664e0_0, 0, 32;
    %jmp T_20.0;
T_20.1 ;
    %jmp T_20;
    .thread T_20, $push;
    .scope S_0x55ba88866790;
T_21 ;
    %wait E_0x55ba888669e0;
    %pushi/vec4 0, 0, 32;
    %store/vec4 v0x55ba88866e20_0, 0, 32;
T_21.0 ;
    %load/vec4 v0x55ba88866e20_0;
    %cmpi/s 64, 0, 32;
    %jmp/0xz T_21.1, 5;
    %pushi/vec4 0, 0, 1;
    %ix/load 4, 0, 0;
    %flag_set/imm 4, 0;
    %store/vec4 v0x55ba88866d40_0, 4, 1;
    %load/vec4 v0x55ba88866a70_0;
    %load/vec4 v0x55ba88866e20_0;
    %part/s 1;
    %load/vec4 v0x55ba88866b70_0;
    %load/vec4 v0x55ba88866e20_0;
    %part/s 1;
    %xor;
    %load/vec4 v0x55ba88866c50_0;
    %load/vec4 v0x55ba88866e20_0;
    %part/s 1;
    %xor;
    %ix/getv/s 4, v0x55ba88866e20_0;
    %store/vec4 v0x55ba88866f50_0, 4, 1;
    %load/vec4 v0x55ba88866a70_0;
    %load/vec4 v0x55ba88866e20_0;
    %part/s 1;
    %load/vec4 v0x55ba88866b70_0;
    %load/vec4 v0x55ba88866e20_0;
    %part/s 1;
    %and;
    %load/vec4 v0x55ba88866b70_0;
    %load/vec4 v0x55ba88866e20_0;
    %part/s 1;
    %load/vec4 v0x55ba88866c50_0;
    %load/vec4 v0x55ba88866e20_0;
    %part/s 1;
    %and;
    %or;
    %load/vec4 v0x55ba88866c50_0;
    %load/vec4 v0x55ba88866e20_0;
    %part/s 1;
    %load/vec4 v0x55ba88866a70_0;
    %load/vec4 v0x55ba88866e20_0;
    %part/s 1;
    %and;
    %or;
    %load/vec4 v0x55ba88866e20_0;
    %addi 1, 0, 32;
    %ix/vec4/s 4;
    %store/vec4 v0x55ba88866d40_0, 4, 1;
    %load/vec4 v0x55ba88866e20_0;
    %addi 1, 0, 32;
    %store/vec4 v0x55ba88866e20_0, 0, 32;
    %jmp T_21.0;
T_21.1 ;
    %jmp T_21;
    .thread T_21, $push;
    .scope S_0x55ba888670d0;
T_22 ;
    %wait E_0x55ba88867320;
    %pushi/vec4 0, 0, 32;
    %store/vec4 v0x55ba88867760_0, 0, 32;
T_22.0 ;
    %load/vec4 v0x55ba88867760_0;
    %cmpi/s 64, 0, 32;
    %jmp/0xz T_22.1, 5;
    %pushi/vec4 0, 0, 1;
    %ix/load 4, 0, 0;
    %flag_set/imm 4, 0;
    %store/vec4 v0x55ba88867680_0, 4, 1;
    %load/vec4 v0x55ba888673b0_0;
    %load/vec4 v0x55ba88867760_0;
    %part/s 1;
    %load/vec4 v0x55ba888674b0_0;
    %load/vec4 v0x55ba88867760_0;
    %part/s 1;
    %xor;
    %load/vec4 v0x55ba88867590_0;
    %load/vec4 v0x55ba88867760_0;
    %part/s 1;
    %xor;
    %ix/getv/s 4, v0x55ba88867760_0;
    %store/vec4 v0x55ba88867890_0, 4, 1;
    %load/vec4 v0x55ba888673b0_0;
    %load/vec4 v0x55ba88867760_0;
    %part/s 1;
    %load/vec4 v0x55ba888674b0_0;
    %load/vec4 v0x55ba88867760_0;
    %part/s 1;
    %and;
    %load/vec4 v0x55ba888674b0_0;
    %load/vec4 v0x55ba88867760_0;
    %part/s 1;
    %load/vec4 v0x55ba88867590_0;
    %load/vec4 v0x55ba88867760_0;
    %part/s 1;
    %and;
    %or;
    %load/vec4 v0x55ba88867590_0;
    %load/vec4 v0x55ba88867760_0;
    %part/s 1;
    %load/vec4 v0x55ba888673b0_0;
    %load/vec4 v0x55ba88867760_0;
    %part/s 1;
    %and;
    %or;
    %load/vec4 v0x55ba88867760_0;
    %addi 1, 0, 32;
    %ix/vec4/s 4;
    %store/vec4 v0x55ba88867680_0, 4, 1;
    %load/vec4 v0x55ba88867760_0;
    %addi 1, 0, 32;
    %store/vec4 v0x55ba88867760_0, 0, 32;
    %jmp T_22.0;
T_22.1 ;
    %jmp T_22;
    .thread T_22, $push;
    .scope S_0x55ba88867a10;
T_23 ;
    %wait E_0x55ba88867c60;
    %pushi/vec4 0, 0, 32;
    %store/vec4 v0x55ba888680a0_0, 0, 32;
T_23.0 ;
    %load/vec4 v0x55ba888680a0_0;
    %cmpi/s 64, 0, 32;
    %jmp/0xz T_23.1, 5;
    %pushi/vec4 0, 0, 1;
    %ix/load 4, 0, 0;
    %flag_set/imm 4, 0;
    %store/vec4 v0x55ba88867fc0_0, 4, 1;
    %load/vec4 v0x55ba88867cf0_0;
    %load/vec4 v0x55ba888680a0_0;
    %part/s 1;
    %load/vec4 v0x55ba88867df0_0;
    %load/vec4 v0x55ba888680a0_0;
    %part/s 1;
    %xor;
    %load/vec4 v0x55ba88867ed0_0;
    %load/vec4 v0x55ba888680a0_0;
    %part/s 1;
    %xor;
    %ix/getv/s 4, v0x55ba888680a0_0;
    %store/vec4 v0x55ba888681d0_0, 4, 1;
    %load/vec4 v0x55ba88867cf0_0;
    %load/vec4 v0x55ba888680a0_0;
    %part/s 1;
    %load/vec4 v0x55ba88867df0_0;
    %load/vec4 v0x55ba888680a0_0;
    %part/s 1;
    %and;
    %load/vec4 v0x55ba88867df0_0;
    %load/vec4 v0x55ba888680a0_0;
    %part/s 1;
    %load/vec4 v0x55ba88867ed0_0;
    %load/vec4 v0x55ba888680a0_0;
    %part/s 1;
    %and;
    %or;
    %load/vec4 v0x55ba88867ed0_0;
    %load/vec4 v0x55ba888680a0_0;
    %part/s 1;
    %load/vec4 v0x55ba88867cf0_0;
    %load/vec4 v0x55ba888680a0_0;
    %part/s 1;
    %and;
    %or;
    %load/vec4 v0x55ba888680a0_0;
    %addi 1, 0, 32;
    %ix/vec4/s 4;
    %store/vec4 v0x55ba88867fc0_0, 4, 1;
    %load/vec4 v0x55ba888680a0_0;
    %addi 1, 0, 32;
    %store/vec4 v0x55ba888680a0_0, 0, 32;
    %jmp T_23.0;
T_23.1 ;
    %jmp T_23;
    .thread T_23, $push;
    .scope S_0x55ba88868350;
T_24 ;
    %wait E_0x55ba888685a0;
    %pushi/vec4 0, 0, 32;
    %store/vec4 v0x55ba888689e0_0, 0, 32;
T_24.0 ;
    %load/vec4 v0x55ba888689e0_0;
    %cmpi/s 64, 0, 32;
    %jmp/0xz T_24.1, 5;
    %pushi/vec4 0, 0, 1;
    %ix/load 4, 0, 0;
    %flag_set/imm 4, 0;
    %store/vec4 v0x55ba88868900_0, 4, 1;
    %load/vec4 v0x55ba88868630_0;
    %load/vec4 v0x55ba888689e0_0;
    %part/s 1;
    %load/vec4 v0x55ba88868730_0;
    %load/vec4 v0x55ba888689e0_0;
    %part/s 1;
    %xor;
    %load/vec4 v0x55ba88868810_0;
    %load/vec4 v0x55ba888689e0_0;
    %part/s 1;
    %xor;
    %ix/getv/s 4, v0x55ba888689e0_0;
    %store/vec4 v0x55ba88868b10_0, 4, 1;
    %load/vec4 v0x55ba88868630_0;
    %load/vec4 v0x55ba888689e0_0;
    %part/s 1;
    %load/vec4 v0x55ba88868730_0;
    %load/vec4 v0x55ba888689e0_0;
    %part/s 1;
    %and;
    %load/vec4 v0x55ba88868730_0;
    %load/vec4 v0x55ba888689e0_0;
    %part/s 1;
    %load/vec4 v0x55ba88868810_0;
    %load/vec4 v0x55ba888689e0_0;
    %part/s 1;
    %and;
    %or;
    %load/vec4 v0x55ba88868810_0;
    %load/vec4 v0x55ba888689e0_0;
    %part/s 1;
    %load/vec4 v0x55ba88868630_0;
    %load/vec4 v0x55ba888689e0_0;
    %part/s 1;
    %and;
    %or;
    %load/vec4 v0x55ba888689e0_0;
    %addi 1, 0, 32;
    %ix/vec4/s 4;
    %store/vec4 v0x55ba88868900_0, 4, 1;
    %load/vec4 v0x55ba888689e0_0;
    %addi 1, 0, 32;
    %store/vec4 v0x55ba888689e0_0, 0, 32;
    %jmp T_24.0;
T_24.1 ;
    %jmp T_24;
    .thread T_24, $push;
    .scope S_0x55ba88868c90;
T_25 ;
    %wait E_0x55ba88868ee0;
    %pushi/vec4 0, 0, 32;
    %store/vec4 v0x55ba88869320_0, 0, 32;
T_25.0 ;
    %load/vec4 v0x55ba88869320_0;
    %cmpi/s 64, 0, 32;
    %jmp/0xz T_25.1, 5;
    %pushi/vec4 0, 0, 1;
    %ix/load 4, 0, 0;
    %flag_set/imm 4, 0;
    %store/vec4 v0x55ba88869240_0, 4, 1;
    %load/vec4 v0x55ba88868f70_0;
    %load/vec4 v0x55ba88869320_0;
    %part/s 1;
    %load/vec4 v0x55ba88869070_0;
    %load/vec4 v0x55ba88869320_0;
    %part/s 1;
    %xor;
    %load/vec4 v0x55ba88869150_0;
    %load/vec4 v0x55ba88869320_0;
    %part/s 1;
    %xor;
    %ix/getv/s 4, v0x55ba88869320_0;
    %store/vec4 v0x55ba88869450_0, 4, 1;
    %load/vec4 v0x55ba88868f70_0;
    %load/vec4 v0x55ba88869320_0;
    %part/s 1;
    %load/vec4 v0x55ba88869070_0;
    %load/vec4 v0x55ba88869320_0;
    %part/s 1;
    %and;
    %load/vec4 v0x55ba88869070_0;
    %load/vec4 v0x55ba88869320_0;
    %part/s 1;
    %load/vec4 v0x55ba88869150_0;
    %load/vec4 v0x55ba88869320_0;
    %part/s 1;
    %and;
    %or;
    %load/vec4 v0x55ba88869150_0;
    %load/vec4 v0x55ba88869320_0;
    %part/s 1;
    %load/vec4 v0x55ba88868f70_0;
    %load/vec4 v0x55ba88869320_0;
    %part/s 1;
    %and;
    %or;
    %load/vec4 v0x55ba88869320_0;
    %addi 1, 0, 32;
    %ix/vec4/s 4;
    %store/vec4 v0x55ba88869240_0, 4, 1;
    %load/vec4 v0x55ba88869320_0;
    %addi 1, 0, 32;
    %store/vec4 v0x55ba88869320_0, 0, 32;
    %jmp T_25.0;
T_25.1 ;
    %jmp T_25;
    .thread T_25, $push;
    .scope S_0x55ba888695d0;
T_26 ;
    %wait E_0x55ba88869820;
    %pushi/vec4 0, 0, 32;
    %store/vec4 v0x55ba88869c60_0, 0, 32;
T_26.0 ;
    %load/vec4 v0x55ba88869c60_0;
    %cmpi/s 64, 0, 32;
    %jmp/0xz T_26.1, 5;
    %pushi/vec4 0, 0, 1;
    %ix/load 4, 0, 0;
    %flag_set/imm 4, 0;
    %store/vec4 v0x55ba88869b80_0, 4, 1;
    %load/vec4 v0x55ba888698b0_0;
    %load/vec4 v0x55ba88869c60_0;
    %part/s 1;
    %load/vec4 v0x55ba888699b0_0;
    %load/vec4 v0x55ba88869c60_0;
    %part/s 1;
    %xor;
    %load/vec4 v0x55ba88869a90_0;
    %load/vec4 v0x55ba88869c60_0;
    %part/s 1;
    %xor;
    %ix/getv/s 4, v0x55ba88869c60_0;
    %store/vec4 v0x55ba88869d90_0, 4, 1;
    %load/vec4 v0x55ba888698b0_0;
    %load/vec4 v0x55ba88869c60_0;
    %part/s 1;
    %load/vec4 v0x55ba888699b0_0;
    %load/vec4 v0x55ba88869c60_0;
    %part/s 1;
    %and;
    %load/vec4 v0x55ba888699b0_0;
    %load/vec4 v0x55ba88869c60_0;
    %part/s 1;
    %load/vec4 v0x55ba88869a90_0;
    %load/vec4 v0x55ba88869c60_0;
    %part/s 1;
    %and;
    %or;
    %load/vec4 v0x55ba88869a90_0;
    %load/vec4 v0x55ba88869c60_0;
    %part/s 1;
    %load/vec4 v0x55ba888698b0_0;
    %load/vec4 v0x55ba88869c60_0;
    %part/s 1;
    %and;
    %or;
    %load/vec4 v0x55ba88869c60_0;
    %addi 1, 0, 32;
    %ix/vec4/s 4;
    %store/vec4 v0x55ba88869b80_0, 4, 1;
    %load/vec4 v0x55ba88869c60_0;
    %addi 1, 0, 32;
    %store/vec4 v0x55ba88869c60_0, 0, 32;
    %jmp T_26.0;
T_26.1 ;
    %jmp T_26;
    .thread T_26, $push;
    .scope S_0x55ba88869f10;
T_27 ;
    %wait E_0x55ba8886a160;
    %pushi/vec4 0, 0, 32;
    %store/vec4 v0x55ba8886a5a0_0, 0, 32;
T_27.0 ;
    %load/vec4 v0x55ba8886a5a0_0;
    %cmpi/s 64, 0, 32;
    %jmp/0xz T_27.1, 5;
    %pushi/vec4 0, 0, 1;
    %ix/load 4, 0, 0;
    %flag_set/imm 4, 0;
    %store/vec4 v0x55ba8886a4c0_0, 4, 1;
    %load/vec4 v0x55ba8886a1f0_0;
    %load/vec4 v0x55ba8886a5a0_0;
    %part/s 1;
    %load/vec4 v0x55ba8886a2f0_0;
    %load/vec4 v0x55ba8886a5a0_0;
    %part/s 1;
    %xor;
    %load/vec4 v0x55ba8886a3d0_0;
    %load/vec4 v0x55ba8886a5a0_0;
    %part/s 1;
    %xor;
    %ix/getv/s 4, v0x55ba8886a5a0_0;
    %store/vec4 v0x55ba8886a6d0_0, 4, 1;
    %load/vec4 v0x55ba8886a1f0_0;
    %load/vec4 v0x55ba8886a5a0_0;
    %part/s 1;
    %load/vec4 v0x55ba8886a2f0_0;
    %load/vec4 v0x55ba8886a5a0_0;
    %part/s 1;
    %and;
    %load/vec4 v0x55ba8886a2f0_0;
    %load/vec4 v0x55ba8886a5a0_0;
    %part/s 1;
    %load/vec4 v0x55ba8886a3d0_0;
    %load/vec4 v0x55ba8886a5a0_0;
    %part/s 1;
    %and;
    %or;
    %load/vec4 v0x55ba8886a3d0_0;
    %load/vec4 v0x55ba8886a5a0_0;
    %part/s 1;
    %load/vec4 v0x55ba8886a1f0_0;
    %load/vec4 v0x55ba8886a5a0_0;
    %part/s 1;
    %and;
    %or;
    %load/vec4 v0x55ba8886a5a0_0;
    %addi 1, 0, 32;
    %ix/vec4/s 4;
    %store/vec4 v0x55ba8886a4c0_0, 4, 1;
    %load/vec4 v0x55ba8886a5a0_0;
    %addi 1, 0, 32;
    %store/vec4 v0x55ba8886a5a0_0, 0, 32;
    %jmp T_27.0;
T_27.1 ;
    %jmp T_27;
    .thread T_27, $push;
    .scope S_0x55ba8886a850;
T_28 ;
    %wait E_0x55ba8886aaa0;
    %pushi/vec4 0, 0, 32;
    %store/vec4 v0x55ba8886aee0_0, 0, 32;
T_28.0 ;
    %load/vec4 v0x55ba8886aee0_0;
    %cmpi/s 64, 0, 32;
    %jmp/0xz T_28.1, 5;
    %pushi/vec4 0, 0, 1;
    %ix/load 4, 0, 0;
    %flag_set/imm 4, 0;
    %store/vec4 v0x55ba8886ae00_0, 4, 1;
    %load/vec4 v0x55ba8886ab30_0;
    %load/vec4 v0x55ba8886aee0_0;
    %part/s 1;
    %load/vec4 v0x55ba8886ac30_0;
    %load/vec4 v0x55ba8886aee0_0;
    %part/s 1;
    %xor;
    %load/vec4 v0x55ba8886ad10_0;
    %load/vec4 v0x55ba8886aee0_0;
    %part/s 1;
    %xor;
    %ix/getv/s 4, v0x55ba8886aee0_0;
    %store/vec4 v0x55ba8886b010_0, 4, 1;
    %load/vec4 v0x55ba8886ab30_0;
    %load/vec4 v0x55ba8886aee0_0;
    %part/s 1;
    %load/vec4 v0x55ba8886ac30_0;
    %load/vec4 v0x55ba8886aee0_0;
    %part/s 1;
    %and;
    %load/vec4 v0x55ba8886ac30_0;
    %load/vec4 v0x55ba8886aee0_0;
    %part/s 1;
    %load/vec4 v0x55ba8886ad10_0;
    %load/vec4 v0x55ba8886aee0_0;
    %part/s 1;
    %and;
    %or;
    %load/vec4 v0x55ba8886ad10_0;
    %load/vec4 v0x55ba8886aee0_0;
    %part/s 1;
    %load/vec4 v0x55ba8886ab30_0;
    %load/vec4 v0x55ba8886aee0_0;
    %part/s 1;
    %and;
    %or;
    %load/vec4 v0x55ba8886aee0_0;
    %addi 1, 0, 32;
    %ix/vec4/s 4;
    %store/vec4 v0x55ba8886ae00_0, 4, 1;
    %load/vec4 v0x55ba8886aee0_0;
    %addi 1, 0, 32;
    %store/vec4 v0x55ba8886aee0_0, 0, 32;
    %jmp T_28.0;
T_28.1 ;
    %jmp T_28;
    .thread T_28, $push;
    .scope S_0x55ba8886b190;
T_29 ;
    %wait E_0x55ba8886b3e0;
    %pushi/vec4 0, 0, 32;
    %store/vec4 v0x55ba8886b820_0, 0, 32;
T_29.0 ;
    %load/vec4 v0x55ba8886b820_0;
    %cmpi/s 64, 0, 32;
    %jmp/0xz T_29.1, 5;
    %pushi/vec4 0, 0, 1;
    %ix/load 4, 0, 0;
    %flag_set/imm 4, 0;
    %store/vec4 v0x55ba8886b740_0, 4, 1;
    %load/vec4 v0x55ba8886b470_0;
    %load/vec4 v0x55ba8886b820_0;
    %part/s 1;
    %load/vec4 v0x55ba8886b570_0;
    %load/vec4 v0x55ba8886b820_0;
    %part/s 1;
    %xor;
    %load/vec4 v0x55ba8886b650_0;
    %load/vec4 v0x55ba8886b820_0;
    %part/s 1;
    %xor;
    %ix/getv/s 4, v0x55ba8886b820_0;
    %store/vec4 v0x55ba8886b950_0, 4, 1;
    %load/vec4 v0x55ba8886b470_0;
    %load/vec4 v0x55ba8886b820_0;
    %part/s 1;
    %load/vec4 v0x55ba8886b570_0;
    %load/vec4 v0x55ba8886b820_0;
    %part/s 1;
    %and;
    %load/vec4 v0x55ba8886b570_0;
    %load/vec4 v0x55ba8886b820_0;
    %part/s 1;
    %load/vec4 v0x55ba8886b650_0;
    %load/vec4 v0x55ba8886b820_0;
    %part/s 1;
    %and;
    %or;
    %load/vec4 v0x55ba8886b650_0;
    %load/vec4 v0x55ba8886b820_0;
    %part/s 1;
    %load/vec4 v0x55ba8886b470_0;
    %load/vec4 v0x55ba8886b820_0;
    %part/s 1;
    %and;
    %or;
    %load/vec4 v0x55ba8886b820_0;
    %addi 1, 0, 32;
    %ix/vec4/s 4;
    %store/vec4 v0x55ba8886b740_0, 4, 1;
    %load/vec4 v0x55ba8886b820_0;
    %addi 1, 0, 32;
    %store/vec4 v0x55ba8886b820_0, 0, 32;
    %jmp T_29.0;
T_29.1 ;
    %jmp T_29;
    .thread T_29, $push;
    .scope S_0x55ba8886c410;
T_30 ;
    %wait E_0x55ba8886c660;
    %pushi/vec4 0, 0, 32;
    %store/vec4 v0x55ba8886caa0_0, 0, 32;
T_30.0 ;
    %load/vec4 v0x55ba8886caa0_0;
    %cmpi/s 64, 0, 32;
    %jmp/0xz T_30.1, 5;
    %pushi/vec4 0, 0, 1;
    %ix/load 4, 0, 0;
    %flag_set/imm 4, 0;
    %store/vec4 v0x55ba8886c9c0_0, 4, 1;
    %load/vec4 v0x55ba8886c6f0_0;
    %load/vec4 v0x55ba8886caa0_0;
    %part/s 1;
    %load/vec4 v0x55ba8886c7f0_0;
    %load/vec4 v0x55ba8886caa0_0;
    %part/s 1;
    %xor;
    %load/vec4 v0x55ba8886c8d0_0;
    %load/vec4 v0x55ba8886caa0_0;
    %part/s 1;
    %xor;
    %ix/getv/s 4, v0x55ba8886caa0_0;
    %store/vec4 v0x55ba8886cbd0_0, 4, 1;
    %load/vec4 v0x55ba8886c6f0_0;
    %load/vec4 v0x55ba8886caa0_0;
    %part/s 1;
    %load/vec4 v0x55ba8886c7f0_0;
    %load/vec4 v0x55ba8886caa0_0;
    %part/s 1;
    %and;
    %load/vec4 v0x55ba8886c7f0_0;
    %load/vec4 v0x55ba8886caa0_0;
    %part/s 1;
    %load/vec4 v0x55ba8886c8d0_0;
    %load/vec4 v0x55ba8886caa0_0;
    %part/s 1;
    %and;
    %or;
    %load/vec4 v0x55ba8886c8d0_0;
    %load/vec4 v0x55ba8886caa0_0;
    %part/s 1;
    %load/vec4 v0x55ba8886c6f0_0;
    %load/vec4 v0x55ba8886caa0_0;
    %part/s 1;
    %and;
    %or;
    %load/vec4 v0x55ba8886caa0_0;
    %addi 1, 0, 32;
    %ix/vec4/s 4;
    %store/vec4 v0x55ba8886c9c0_0, 4, 1;
    %load/vec4 v0x55ba8886caa0_0;
    %addi 1, 0, 32;
    %store/vec4 v0x55ba8886caa0_0, 0, 32;
    %jmp T_30.0;
T_30.1 ;
    %jmp T_30;
    .thread T_30, $push;
    .scope S_0x55ba88870d00;
T_31 ;
    %wait E_0x55ba88870f40;
    %pushi/vec4 0, 0, 32;
    %store/vec4 v0x55ba88871270_0, 0, 32;
T_31.0 ;
    %load/vec4 v0x55ba88871270_0;
    %cmpi/s 64, 0, 32;
    %jmp/0xz T_31.1, 5;
    %load/vec4 v0x55ba88870fc0_0;
    %load/vec4 v0x55ba88871270_0;
    %part/s 1;
    %pad/u 32;
    %cmpi/e 0, 0, 32;
    %jmp/0xz  T_31.2, 4;
    %load/vec4 v0x55ba888710c0_0;
    %load/vec4 v0x55ba88871270_0;
    %part/s 1;
    %pad/u 32;
    %cmpi/e 0, 0, 32;
    %jmp/0xz  T_31.4, 4;
    %pushi/vec4 0, 0, 2;
    %load/vec4 v0x55ba88871270_0;
    %pad/s 33;
    %muli 2, 0, 33;
    %ix/vec4/s 4;
    %store/vec4 v0x55ba888711a0_0, 4, 2;
    %jmp T_31.5;
T_31.4 ;
    %pushi/vec4 1, 0, 2;
    %load/vec4 v0x55ba88871270_0;
    %pad/s 33;
    %muli 2, 0, 33;
    %ix/vec4/s 4;
    %store/vec4 v0x55ba888711a0_0, 4, 2;
T_31.5 ;
    %jmp T_31.3;
T_31.2 ;
    %load/vec4 v0x55ba888710c0_0;
    %load/vec4 v0x55ba88871270_0;
    %part/s 1;
    %pad/u 32;
    %cmpi/e 1, 0, 32;
    %jmp/0xz  T_31.6, 4;
    %pushi/vec4 3, 0, 2;
    %load/vec4 v0x55ba88871270_0;
    %pad/s 33;
    %muli 2, 0, 33;
    %ix/vec4/s 4;
    %store/vec4 v0x55ba888711a0_0, 4, 2;
    %jmp T_31.7;
T_31.6 ;
    %pushi/vec4 1, 0, 2;
    %load/vec4 v0x55ba88871270_0;
    %pad/s 33;
    %muli 2, 0, 33;
    %ix/vec4/s 4;
    %store/vec4 v0x55ba888711a0_0, 4, 2;
T_31.7 ;
T_31.3 ;
    %load/vec4 v0x55ba88871270_0;
    %addi 1, 0, 32;
    %store/vec4 v0x55ba88871270_0, 0, 32;
    %jmp T_31.0;
T_31.1 ;
    %jmp T_31;
    .thread T_31, $push;
    .scope S_0x55ba88871cd0;
T_32 ;
    %wait E_0x55ba88871f80;
    %pushi/vec4 1, 0, 32;
    %store/vec4 v0x55ba888722b0_0, 0, 32;
T_32.0 ;
    %load/vec4 v0x55ba888722b0_0;
    %cmpi/s 64, 0, 32;
    %jmp/0xz T_32.1, 5;
    %load/vec4 v0x55ba88871ff0_0;
    %load/vec4 v0x55ba888722b0_0;
    %pad/s 33;
    %muli 2, 0, 33;
    %part/s 2;
    %load/vec4 v0x55ba888722b0_0;
    %pad/s 33;
    %muli 2, 0, 33;
    %ix/vec4/s 4;
    %store/vec4 v0x55ba88872580_0, 4, 2;
    %load/vec4 v0x55ba888722b0_0;
    %addi 1, 0, 32;
    %store/vec4 v0x55ba888722b0_0, 0, 32;
    %jmp T_32.0;
T_32.1 ;
    %pushi/vec4 1, 0, 32;
    %store/vec4 v0x55ba888722b0_0, 0, 32;
T_32.2 ;
    %load/vec4 v0x55ba888722b0_0;
    %cmpi/s 64, 0, 32;
    %jmp/0xz T_32.3, 5;
    %pushi/vec4 0, 0, 32;
    %store/vec4 v0x55ba88872370_0, 0, 32;
T_32.4 ;
    %load/vec4 v0x55ba88872370_0;
    %cmpi/s 64, 0, 32;
    %jmp/0xz T_32.5, 5;
    %load/vec4 v0x55ba888722b0_0;
    %load/vec4 v0x55ba88872370_0;
    %add;
    %cmpi/s 64, 0, 32;
    %jmp/0xz  T_32.6, 5;
    %load/vec4 v0x55ba88872580_0;
    %load/vec4 v0x55ba88872370_0;
    %load/vec4 v0x55ba888722b0_0;
    %add;
    %pad/s 33;
    %muli 2, 0, 33;
    %part/s 2;
    %cmpi/e 1, 0, 2;
    %jmp/0xz  T_32.8, 4;
    %load/vec4 v0x55ba88872580_0;
    %load/vec4 v0x55ba88872370_0;
    %pad/s 33;
    %muli 2, 0, 33;
    %part/s 2;
    %cmpi/e 0, 0, 2;
    %jmp/0xz  T_32.10, 4;
    %pushi/vec4 0, 0, 2;
    %load/vec4 v0x55ba88872370_0;
    %load/vec4 v0x55ba888722b0_0;
    %add;
    %pad/s 33;
    %muli 2, 0, 33;
    %ix/vec4/s 4;
    %store/vec4 v0x55ba88872580_0, 4, 2;
    %jmp T_32.11;
T_32.10 ;
    %load/vec4 v0x55ba88872580_0;
    %load/vec4 v0x55ba88872370_0;
    %pad/s 33;
    %muli 2, 0, 33;
    %part/s 2;
    %cmpi/e 3, 0, 2;
    %jmp/0xz  T_32.12, 4;
    %pushi/vec4 3, 0, 2;
    %load/vec4 v0x55ba88872370_0;
    %load/vec4 v0x55ba888722b0_0;
    %add;
    %pad/s 33;
    %muli 2, 0, 33;
    %ix/vec4/s 4;
    %store/vec4 v0x55ba88872580_0, 4, 2;
    %jmp T_32.13;
T_32.12 ;
    %pushi/vec4 1, 0, 2;
    %load/vec4 v0x55ba88872370_0;
    %load/vec4 v0x55ba888722b0_0;
    %add;
    %pad/s 33;
    %muli 2, 0, 33;
    %ix/vec4/s 4;
    %store/vec4 v0x55ba88872580_0, 4, 2;
T_32.13 ;
T_32.11 ;
T_32.8 ;
T_32.6 ;
    %load/vec4 v0x55ba88872370_0;
    %addi 1, 0, 32;
    %store/vec4 v0x55ba88872370_0, 0, 32;
    %jmp T_32.4;
T_32.5 ;
    %load/vec4 v0x55ba888722b0_0;
    %muli 2, 0, 32;
    %store/vec4 v0x55ba888722b0_0, 0, 32;
    %jmp T_32.2;
T_32.3 ;
    %jmp T_32;
    .thread T_32, $push;
    .scope S_0x55ba88871cd0;
T_33 ;
    %wait E_0x55ba88871ef0;
    %load/vec4 v0x55ba88872110_0;
    %ix/load 4, 0, 0;
    %flag_set/imm 4, 0;
    %store/vec4 v0x55ba888721b0_0, 4, 1;
    %pushi/vec4 0, 0, 32;
    %store/vec4 v0x55ba888724a0_0, 0, 32;
T_33.0 ;
    %load/vec4 v0x55ba888724a0_0;
    %cmpi/s 64, 0, 32;
    %jmp/0xz T_33.1, 5;
    %load/vec4 v0x55ba88872580_0;
    %load/vec4 v0x55ba888724a0_0;
    %pad/s 33;
    %muli 2, 0, 33;
    %part/s 2;
    %cmpi/e 0, 0, 2;
    %jmp/0xz  T_33.2, 4;
    %pushi/vec4 0, 0, 1;
    %load/vec4 v0x55ba888724a0_0;
    %addi 1, 0, 32;
    %ix/vec4/s 4;
    %store/vec4 v0x55ba888721b0_0, 4, 1;
    %jmp T_33.3;
T_33.2 ;
    %load/vec4 v0x55ba88872580_0;
    %load/vec4 v0x55ba888724a0_0;
    %pad/s 33;
    %muli 2, 0, 33;
    %part/s 2;
    %cmpi/e 3, 0, 2;
    %jmp/0xz  T_33.4, 4;
    %pushi/vec4 1, 0, 1;
    %load/vec4 v0x55ba888724a0_0;
    %addi 1, 0, 32;
    %ix/vec4/s 4;
    %store/vec4 v0x55ba888721b0_0, 4, 1;
    %jmp T_33.5;
T_33.4 ;
    %load/vec4 v0x55ba888721b0_0;
    %load/vec4 v0x55ba888724a0_0;
    %part/s 1;
    %load/vec4 v0x55ba888724a0_0;
    %addi 1, 0, 32;
    %ix/vec4/s 4;
    %store/vec4 v0x55ba888721b0_0, 4, 1;
T_33.5 ;
T_33.3 ;
    %load/vec4 v0x55ba888724a0_0;
    %addi 1, 0, 32;
    %store/vec4 v0x55ba888724a0_0, 0, 32;
    %jmp T_33.0;
T_33.1 ;
    %jmp T_33;
    .thread T_33, $push;
    .scope S_0x55ba888704d0;
T_34 ;
    %wait E_0x55ba88870710;
    %pushi/vec4 0, 0, 32;
    %store/vec4 v0x55ba88870a70_0, 0, 32;
T_34.0 ;
    %load/vec4 v0x55ba88870a70_0;
    %cmpi/s 64, 0, 32;
    %jmp/0xz T_34.1, 5;
    %load/vec4 v0x55ba888707a0_0;
    %load/vec4 v0x55ba88870a70_0;
    %part/s 1;
    %load/vec4 v0x55ba888708a0_0;
    %load/vec4 v0x55ba88870a70_0;
    %part/s 1;
    %xor;
    %load/vec4 v0x55ba88870980_0;
    %load/vec4 v0x55ba88870a70_0;
    %part/s 1;
    %xor;
    %ix/getv/s 4, v0x55ba88870a70_0;
    %store/vec4 v0x55ba88870b50_0, 4, 1;
    %load/vec4 v0x55ba88870a70_0;
    %addi 1, 0, 32;
    %store/vec4 v0x55ba88870a70_0, 0, 32;
    %jmp T_34.0;
T_34.1 ;
    %jmp T_34;
    .thread T_34, $push;
    .scope S_0x55ba8881aaf0;
T_35 ;
    %pushi/vec4 12, 0, 32;
    %store/vec4 v0x55ba88872a60_0, 0, 32;
    %pushi/vec4 21, 0, 32;
    %store/vec4 v0x55ba88872b50_0, 0, 32;
    %pushi/vec4 0, 0, 1;
    %store/vec4 v0x55ba888729c0_0, 0, 1;
    %delay 5, 0;
    %pushi/vec4 256, 0, 32;
    %store/vec4 v0x55ba88872a60_0, 0, 32;
    %delay 5, 0;
    %pushi/vec4 8, 0, 32;
    %store/vec4 v0x55ba88872b50_0, 0, 32;
    %delay 5, 0;
    %pushi/vec4 25200, 0, 32;
    %store/vec4 v0x55ba88872a60_0, 0, 32;
    %end;
    .thread T_35;
    .scope S_0x55ba8881aaf0;
T_36 ;
    %vpi_call 2 78 "$monitor", $time, "%dx%d=%d\012", v0x55ba88872a60_0, v0x55ba88872b50_0, v0x55ba88872d20_0 {0 0 0};
    %end;
    .thread T_36;
# The file index is used to find the file name in the following table.
:file_names 8;
    "N/A";
    "<interactive>";
    "wallace_multiplier.v";
    "./CSA.v";
    "./Fulladder.v";
    "./kpg.v";
    "./pp.v";
    "./ppc.v";
