#! /usr/bin/vvp
:ivl_version "10.3 (stable)";
:ivl_delay_selection "TYPICAL";
:vpi_time_precision + 0;
:vpi_module "system";
:vpi_module "vhdl_sys";
:vpi_module "v2005_math";
:vpi_module "va_math";
S_0x564b0d4c3650 .scope module, "fastadder" "fastadder" 2 5;
 .timescale 0 0;
v0x564b0d4e24c0_0 .var "a", 31 0;
v0x564b0d4e25d0_0 .var "b", 31 0;
v0x564b0d4e26e0_0 .net "c", 63 0, v0x564b0d4e19c0_0;  1 drivers
v0x564b0d4e27d0_0 .net "carry", 32 0, v0x564b0d4e1fb0_0;  1 drivers
v0x564b0d4e28c0_0 .var "cin", 0 0;
v0x564b0d4e29b0_0 .net "s", 31 0, v0x564b0d4e1410_0;  1 drivers
S_0x564b0d4c37d0 .scope module, "adder_0" "fulladder" 2 22, 3 1 0, S_0x564b0d4c3650;
 .timescale 0 0;
    .port_info 0 /INPUT 32 "a"
    .port_info 1 /INPUT 32 "b"
    .port_info 2 /INPUT 33 "c"
    .port_info 3 /OUTPUT 32 "s"
v0x564b0d484070_0 .net "a", 31 0, v0x564b0d4e24c0_0;  1 drivers
v0x564b0d4e1190_0 .net "b", 31 0, v0x564b0d4e25d0_0;  1 drivers
v0x564b0d4e1270_0 .net "c", 32 0, v0x564b0d4e1fb0_0;  alias, 1 drivers
v0x564b0d4e1330_0 .var/i "i", 31 0;
v0x564b0d4e1410_0 .var "s", 31 0;
E_0x564b0d4c6a50 .event edge, v0x564b0d4e1330_0, v0x564b0d484070_0, v0x564b0d4e1190_0, v0x564b0d4e1270_0;
S_0x564b0d4e15c0 .scope module, "kpg_0" "kpg" 2 20, 4 1 0, S_0x564b0d4c3650;
 .timescale 0 0;
    .port_info 0 /INPUT 32 "a"
    .port_info 1 /INPUT 32 "b"
    .port_info 2 /OUTPUT 64 "cout"
v0x564b0d4e1840_0 .net "a", 31 0, v0x564b0d4e24c0_0;  alias, 1 drivers
v0x564b0d4e1920_0 .net "b", 31 0, v0x564b0d4e25d0_0;  alias, 1 drivers
v0x564b0d4e19c0_0 .var "cout", 63 0;
v0x564b0d4e1a60_0 .var/i "i", 31 0;
E_0x564b0d4c6d80 .event edge, v0x564b0d4e1a60_0, v0x564b0d484070_0, v0x564b0d4e1190_0;
S_0x564b0d4e1ba0 .scope module, "ppc_0" "ppc" 2 21, 5 1 0, S_0x564b0d4c3650;
 .timescale 0 0;
    .port_info 0 /INPUT 64 "c"
    .port_info 1 /INPUT 1 "cin"
    .port_info 2 /OUTPUT 33 "cout"
v0x564b0d4e1e20_0 .net "c", 63 0, v0x564b0d4e19c0_0;  alias, 1 drivers
v0x564b0d4e1f10_0 .net "cin", 0 0, v0x564b0d4e28c0_0;  1 drivers
v0x564b0d4e1fb0_0 .var "cout", 32 0;
v0x564b0d4e20b0_0 .var/i "i", 31 0;
v0x564b0d4e2170_0 .var/i "j", 31 0;
v0x564b0d4e22a0_0 .var/i "k", 31 0;
v0x564b0d4e2380_0 .var "w0", 63 0;
E_0x564b0d4c66c0 .event edge, v0x564b0d4e1f10_0, v0x564b0d4e22a0_0, v0x564b0d4e2380_0, v0x564b0d4e1270_0;
E_0x564b0d4c7070 .event edge, v0x564b0d4e20b0_0, v0x564b0d4e19c0_0, v0x564b0d4e2170_0, v0x564b0d4e2380_0;
    .scope S_0x564b0d4e15c0;
T_0 ;
    %wait E_0x564b0d4c6d80;
    %pushi/vec4 0, 0, 32;
    %store/vec4 v0x564b0d4e1a60_0, 0, 32;
T_0.0 ;
    %load/vec4 v0x564b0d4e1a60_0;
    %cmpi/s 32, 0, 32;
    %jmp/0xz T_0.1, 5;
    %load/vec4 v0x564b0d4e1840_0;
    %load/vec4 v0x564b0d4e1a60_0;
    %part/s 1;
    %pad/u 32;
    %cmpi/e 0, 0, 32;
    %jmp/0xz  T_0.2, 4;
    %load/vec4 v0x564b0d4e1920_0;
    %load/vec4 v0x564b0d4e1a60_0;
    %part/s 1;
    %pad/u 32;
    %cmpi/e 0, 0, 32;
    %jmp/0xz  T_0.4, 4;
    %pushi/vec4 0, 0, 2;
    %load/vec4 v0x564b0d4e1a60_0;
    %pad/s 33;
    %muli 2, 0, 33;
    %ix/vec4/s 4;
    %store/vec4 v0x564b0d4e19c0_0, 4, 2;
    %jmp T_0.5;
T_0.4 ;
    %pushi/vec4 1, 0, 2;
    %load/vec4 v0x564b0d4e1a60_0;
    %pad/s 33;
    %muli 2, 0, 33;
    %ix/vec4/s 4;
    %store/vec4 v0x564b0d4e19c0_0, 4, 2;
T_0.5 ;
    %jmp T_0.3;
T_0.2 ;
    %load/vec4 v0x564b0d4e1920_0;
    %load/vec4 v0x564b0d4e1a60_0;
    %part/s 1;
    %pad/u 32;
    %cmpi/e 1, 0, 32;
    %jmp/0xz  T_0.6, 4;
    %pushi/vec4 3, 0, 2;
    %load/vec4 v0x564b0d4e1a60_0;
    %pad/s 33;
    %muli 2, 0, 33;
    %ix/vec4/s 4;
    %store/vec4 v0x564b0d4e19c0_0, 4, 2;
    %jmp T_0.7;
T_0.6 ;
    %pushi/vec4 1, 0, 2;
    %load/vec4 v0x564b0d4e1a60_0;
    %pad/s 33;
    %muli 2, 0, 33;
    %ix/vec4/s 4;
    %store/vec4 v0x564b0d4e19c0_0, 4, 2;
T_0.7 ;
T_0.3 ;
    %load/vec4 v0x564b0d4e1a60_0;
    %addi 1, 0, 32;
    %store/vec4 v0x564b0d4e1a60_0, 0, 32;
    %jmp T_0.0;
T_0.1 ;
    %jmp T_0;
    .thread T_0, $push;
    .scope S_0x564b0d4e1ba0;
T_1 ;
    %wait E_0x564b0d4c7070;
    %pushi/vec4 1, 0, 32;
    %store/vec4 v0x564b0d4e20b0_0, 0, 32;
T_1.0 ;
    %load/vec4 v0x564b0d4e20b0_0;
    %cmpi/s 32, 0, 32;
    %jmp/0xz T_1.1, 5;
    %load/vec4 v0x564b0d4e1e20_0;
    %load/vec4 v0x564b0d4e20b0_0;
    %pad/s 33;
    %muli 2, 0, 33;
    %part/s 2;
    %load/vec4 v0x564b0d4e20b0_0;
    %pad/s 33;
    %muli 2, 0, 33;
    %ix/vec4/s 4;
    %store/vec4 v0x564b0d4e2380_0, 4, 2;
    %load/vec4 v0x564b0d4e20b0_0;
    %addi 1, 0, 32;
    %store/vec4 v0x564b0d4e20b0_0, 0, 32;
    %jmp T_1.0;
T_1.1 ;
    %pushi/vec4 1, 0, 32;
    %store/vec4 v0x564b0d4e20b0_0, 0, 32;
T_1.2 ;
    %load/vec4 v0x564b0d4e20b0_0;
    %cmpi/s 32, 0, 32;
    %jmp/0xz T_1.3, 5;
    %pushi/vec4 0, 0, 32;
    %store/vec4 v0x564b0d4e2170_0, 0, 32;
T_1.4 ;
    %load/vec4 v0x564b0d4e2170_0;
    %cmpi/s 32, 0, 32;
    %jmp/0xz T_1.5, 5;
    %load/vec4 v0x564b0d4e20b0_0;
    %load/vec4 v0x564b0d4e2170_0;
    %add;
    %cmpi/s 32, 0, 32;
    %jmp/0xz  T_1.6, 5;
    %load/vec4 v0x564b0d4e2380_0;
    %load/vec4 v0x564b0d4e2170_0;
    %load/vec4 v0x564b0d4e20b0_0;
    %add;
    %pad/s 33;
    %muli 2, 0, 33;
    %part/s 2;
    %cmpi/e 1, 0, 2;
    %jmp/0xz  T_1.8, 4;
    %load/vec4 v0x564b0d4e2380_0;
    %load/vec4 v0x564b0d4e2170_0;
    %pad/s 33;
    %muli 2, 0, 33;
    %part/s 2;
    %cmpi/e 0, 0, 2;
    %jmp/0xz  T_1.10, 4;
    %pushi/vec4 0, 0, 2;
    %load/vec4 v0x564b0d4e2170_0;
    %load/vec4 v0x564b0d4e20b0_0;
    %add;
    %pad/s 33;
    %muli 2, 0, 33;
    %ix/vec4/s 4;
    %store/vec4 v0x564b0d4e2380_0, 4, 2;
    %jmp T_1.11;
T_1.10 ;
    %load/vec4 v0x564b0d4e2380_0;
    %load/vec4 v0x564b0d4e2170_0;
    %pad/s 33;
    %muli 2, 0, 33;
    %part/s 2;
    %cmpi/e 3, 0, 2;
    %jmp/0xz  T_1.12, 4;
    %pushi/vec4 3, 0, 2;
    %load/vec4 v0x564b0d4e2170_0;
    %load/vec4 v0x564b0d4e20b0_0;
    %add;
    %pad/s 33;
    %muli 2, 0, 33;
    %ix/vec4/s 4;
    %store/vec4 v0x564b0d4e2380_0, 4, 2;
    %jmp T_1.13;
T_1.12 ;
    %pushi/vec4 1, 0, 2;
    %load/vec4 v0x564b0d4e2170_0;
    %load/vec4 v0x564b0d4e20b0_0;
    %add;
    %pad/s 33;
    %muli 2, 0, 33;
    %ix/vec4/s 4;
    %store/vec4 v0x564b0d4e2380_0, 4, 2;
T_1.13 ;
T_1.11 ;
T_1.8 ;
T_1.6 ;
    %load/vec4 v0x564b0d4e2170_0;
    %addi 1, 0, 32;
    %store/vec4 v0x564b0d4e2170_0, 0, 32;
    %jmp T_1.4;
T_1.5 ;
    %load/vec4 v0x564b0d4e20b0_0;
    %muli 2, 0, 32;
    %store/vec4 v0x564b0d4e20b0_0, 0, 32;
    %jmp T_1.2;
T_1.3 ;
    %jmp T_1;
    .thread T_1, $push;
    .scope S_0x564b0d4e1ba0;
T_2 ;
    %wait E_0x564b0d4c66c0;
    %load/vec4 v0x564b0d4e1f10_0;
    %ix/load 4, 0, 0;
    %flag_set/imm 4, 0;
    %store/vec4 v0x564b0d4e1fb0_0, 4, 1;
    %pushi/vec4 0, 0, 32;
    %store/vec4 v0x564b0d4e22a0_0, 0, 32;
T_2.0 ;
    %load/vec4 v0x564b0d4e22a0_0;
    %cmpi/s 32, 0, 32;
    %jmp/0xz T_2.1, 5;
    %load/vec4 v0x564b0d4e2380_0;
    %load/vec4 v0x564b0d4e22a0_0;
    %pad/s 33;
    %muli 2, 0, 33;
    %part/s 2;
    %cmpi/e 0, 0, 2;
    %jmp/0xz  T_2.2, 4;
    %pushi/vec4 0, 0, 1;
    %load/vec4 v0x564b0d4e22a0_0;
    %addi 1, 0, 32;
    %ix/vec4/s 4;
    %store/vec4 v0x564b0d4e1fb0_0, 4, 1;
    %jmp T_2.3;
T_2.2 ;
    %load/vec4 v0x564b0d4e2380_0;
    %load/vec4 v0x564b0d4e22a0_0;
    %pad/s 33;
    %muli 2, 0, 33;
    %part/s 2;
    %cmpi/e 3, 0, 2;
    %jmp/0xz  T_2.4, 4;
    %pushi/vec4 1, 0, 1;
    %load/vec4 v0x564b0d4e22a0_0;
    %addi 1, 0, 32;
    %ix/vec4/s 4;
    %store/vec4 v0x564b0d4e1fb0_0, 4, 1;
    %jmp T_2.5;
T_2.4 ;
    %load/vec4 v0x564b0d4e1fb0_0;
    %load/vec4 v0x564b0d4e22a0_0;
    %part/s 1;
    %load/vec4 v0x564b0d4e22a0_0;
    %addi 1, 0, 32;
    %ix/vec4/s 4;
    %store/vec4 v0x564b0d4e1fb0_0, 4, 1;
T_2.5 ;
T_2.3 ;
    %load/vec4 v0x564b0d4e22a0_0;
    %addi 1, 0, 32;
    %store/vec4 v0x564b0d4e22a0_0, 0, 32;
    %jmp T_2.0;
T_2.1 ;
    %jmp T_2;
    .thread T_2, $push;
    .scope S_0x564b0d4c37d0;
T_3 ;
    %wait E_0x564b0d4c6a50;
    %pushi/vec4 0, 0, 32;
    %store/vec4 v0x564b0d4e1330_0, 0, 32;
T_3.0 ;
    %load/vec4 v0x564b0d4e1330_0;
    %cmpi/s 32, 0, 32;
    %jmp/0xz T_3.1, 5;
    %load/vec4 v0x564b0d484070_0;
    %load/vec4 v0x564b0d4e1330_0;
    %part/s 1;
    %load/vec4 v0x564b0d4e1190_0;
    %load/vec4 v0x564b0d4e1330_0;
    %part/s 1;
    %xor;
    %load/vec4 v0x564b0d4e1270_0;
    %load/vec4 v0x564b0d4e1330_0;
    %part/s 1;
    %xor;
    %ix/getv/s 4, v0x564b0d4e1330_0;
    %store/vec4 v0x564b0d4e1410_0, 4, 1;
    %load/vec4 v0x564b0d4e1330_0;
    %addi 1, 0, 32;
    %store/vec4 v0x564b0d4e1330_0, 0, 32;
    %jmp T_3.0;
T_3.1 ;
    %jmp T_3;
    .thread T_3, $push;
    .scope S_0x564b0d4c3650;
T_4 ;
    %pushi/vec4 3230724304, 0, 32;
    %store/vec4 v0x564b0d4e24c0_0, 0, 32;
    %pushi/vec4 3472947931, 0, 32;
    %store/vec4 v0x564b0d4e25d0_0, 0, 32;
    %pushi/vec4 1, 0, 1;
    %store/vec4 v0x564b0d4e28c0_0, 0, 1;
    %delay 10, 0;
    %pushi/vec4 0, 0, 1;
    %store/vec4 v0x564b0d4e28c0_0, 0, 1;
    %end;
    .thread T_4;
    .scope S_0x564b0d4c3650;
T_5 ;
    %vpi_call 2 25 "$monitor", $time, "  A = %b;\012\011\011      B = %b;\012\011\011    Carryin = %b;\012\011\011    sum = %b;\012\011\011", v0x564b0d4e24c0_0, v0x564b0d4e25d0_0, v0x564b0d4e28c0_0, v0x564b0d4e29b0_0 {0 0 0};
    %end;
    .thread T_5;
# The file index is used to find the file name in the following table.
:file_names 6;
    "N/A";
    "<interactive>";
    "fastadder_tb.v";
    "./fulladder.v";
    "./kpg.v";
    "./ppc.v";
