Running: /opt/Xilinx/14.7/ISE_DS/ISE/bin/lin64/unwrapped/fuse -intstyle ise -incremental -lib unisims_ver -lib unimacro_ver -lib xilinxcorelib_ver -lib secureip -o /home/vijay/Desktop/Vlsi/ArrayMultiplier/ArrayMultiplier_isim_beh.exe -prj /home/vijay/Desktop/Vlsi/ArrayMultiplier/ArrayMultiplier_beh.prj work.ArrayMultiplier work.glbl 
ISim P.20131013 (signature 0xfbc00daa)
Number of CPUs detected in this system: 4
Turning on mult-threading, number of parallel sub-compilation jobs: 8 
Determining compilation order of HDL files
Analyzing Verilog file "/home/vijay/Desktop/Vlsi/ArrayMultiplier/../Experiment8/a/array_mult.v" into library work
Analyzing Verilog file "/opt/Xilinx/14.7/ISE_DS/ISE//verilog/src/glbl.v" into library work
Starting static elaboration
Completed static elaboration
Fuse Memory Usage: 82992 KB
Fuse CPU Usage: 960 ms
Compiling module FullAdder
Compiling module level
Compiling module ArrayMultiplier
Compiling module glbl
Time Resolution for simulation is 1ps.
Waiting for 1 sub-compilation(s) to finish...
Compiled 4 Verilog Units
Built simulation executable /home/vijay/Desktop/Vlsi/ArrayMultiplier/ArrayMultiplier_isim_beh.exe
Fuse Memory Usage: 643156 KB
Fuse CPU Usage: 970 ms
GCC CPU Usage: 410 ms
